TN:
SF:src/graph/gedcom/config/Util.ts
FN:1,__name
FN:1,__export
FN:1,__copyProps
FN:1,get
FN:1,__toCommonJS
FN:1,ANCESTRY_DISTANCE
FN:1,BOND_WIDTH
FN:1,Branch
FN:1,Card
FN:1,Gender
FN:1,HEARTH_DIAMETER
FN:1,HORIZONTAL_SPACE
FN:1,LITTLE_GROUP_DISTANCE
FN:1,LITTLE_GROUP_DISTANCE_CALC
FN:1,MARRIAGE_HEIGHT
FN:1,MARRIAGE_INNER_WIDTH
FN:1,MARRIAGE_WIDTH
FN:1,MINI_BOND_WIDTH
FN:1,MINI_HEARTH_DIAMETER
FN:1,Match
FN:1,PROGENY_DISTANCE
FN:1,PROGENY_PLAY
FN:1,Side
FN:1,UNION_DISTANCE
FN:1,VERTICAL_SPACE
FN:1,VERTICAL_SPACE_CALC
FN:1,essence
FN:1,setLittleGroupDistanceCalc
FN:1,setVerticalSpaceCalc
FN:38,get
FN:51,getForAncestors
FN:61,getGender
FN:75,isMale
FN:79,isFemale
FN:86,setVerticalSpaceCalc
FN:100,setLittleGroupDistanceCalc
FN:105,essence
FNF:37
FNH:33
FNDA:112,__name
FNDA:14,__export
FNDA:14,__copyProps
FNDA:12985,get
FNDA:14,__toCommonJS
FNDA:15,ANCESTRY_DISTANCE
FNDA:1725,BOND_WIDTH
FNDA:1314,Branch
FNDA:2942,Card
FNDA:144,Gender
FNDA:0,HEARTH_DIAMETER
FNDA:615,HORIZONTAL_SPACE
FNDA:9,LITTLE_GROUP_DISTANCE
FNDA:0,LITTLE_GROUP_DISTANCE_CALC
FNDA:0,MARRIAGE_HEIGHT
FNDA:8,MARRIAGE_INNER_WIDTH
FNDA:4,MARRIAGE_WIDTH
FNDA:67,MINI_BOND_WIDTH
FNDA:0,MINI_HEARTH_DIAMETER
FNDA:3370,Match
FNDA:13,PROGENY_DISTANCE
FNDA:13,PROGENY_PLAY
FNDA:2439,Side
FNDA:61,UNION_DISTANCE
FNDA:10,VERTICAL_SPACE
FNDA:189,VERTICAL_SPACE_CALC
FNDA:29,essence
FNDA:9,setLittleGroupDistanceCalc
FNDA:9,setVerticalSpaceCalc
FNDA:105,get
FNDA:20,getForAncestors
FNDA:134,getGender
FNDA:2,isMale
FNDA:88,isFemale
FNDA:9,setVerticalSpaceCalc
FNDA:9,setLittleGroupDistanceCalc
FNDA:29,essence
DA:1,9
DA:2,1
DA:3,1
DA:4,1
DA:5,1
DA:6,1
DA:7,1
DA:8,1
DA:9,1
DA:10,1
DA:11,1
DA:12,1
DA:13,1
DA:14,1
DA:15,1
DA:16,1
DA:17,1
DA:18,1
DA:19,1
DA:20,1
DA:21,1
DA:22,1
DA:23,1
DA:24,1
DA:25,1
DA:26,1
DA:27,1
DA:28,1
DA:29,1
DA:30,1
DA:31,1
DA:32,1
DA:33,1
DA:34,1
DA:35,1
DA:36,1
DA:37,1
DA:38,14
DA:39,105
DA:40,5
DA:41,5
DA:42,5
DA:43,105
DA:44,100
DA:45,100
DA:46,59
DA:47,100
DA:48,105
DA:49,105
DA:50,14
DA:51,1
DA:52,20
DA:53,20
DA:54,20
DA:55,20
DA:56,12
DA:57,20
DA:58,1
DA:59,1
DA:60,1
DA:61,14
DA:62,134
DA:63,9
DA:64,9
DA:65,9
DA:66,4
DA:67,9
DA:68,1
DA:69,9
DA:70,9
DA:71,9
DA:72,134
DA:73,134
DA:74,14
DA:75,14
DA:76,2
DA:77,2
DA:78,14
DA:79,1
DA:80,88
DA:81,88
DA:82,1
DA:83,1
DA:84,1
DA:85,1
DA:86,1
DA:87,1
DA:88,1
DA:89,1
DA:90,1
DA:91,1
DA:92,1
DA:93,1
DA:94,1
DA:95,1
DA:96,1
DA:97,1
DA:98,1
DA:99,1
DA:100,1
DA:101,1
DA:102,1
DA:103,1
DA:104,1
DA:105,1
DA:106,29
DA:107,29
DA:108,28
DA:109,28
DA:110,28
DA:111,28
DA:112,28
DA:113,29
DA:114,29
LF:114
LH:114
BRDA:37,0,0,0
BRDA:60,1,0,0
BRDA:105,2,0,0
BRDA:1,3,0,112
BRDA:1,4,0,14
BRDA:1,5,0,336
BRDA:1,6,0,14
BRDA:1,7,0,0
BRDA:1,8,0,336
BRDA:1,9,0,12985
BRDA:1,10,0,14
BRDA:1,11,0,15
BRDA:1,12,0,1725
BRDA:1,13,0,1314
BRDA:1,14,0,2942
BRDA:1,15,0,144
BRDA:1,16,0,615
BRDA:1,17,0,9
BRDA:1,18,0,8
BRDA:1,19,0,4
BRDA:1,20,0,67
BRDA:1,21,0,3370
BRDA:1,22,0,13
BRDA:1,23,0,13
BRDA:1,24,0,2439
BRDA:1,25,0,61
BRDA:1,26,0,10
BRDA:1,27,0,189
BRDA:1,28,0,29
BRDA:1,29,0,9
BRDA:1,30,0,9
BRDA:3,31,0,14
BRDA:10,32,0,14
BRDA:17,33,0,14
BRDA:23,34,0,14
BRDA:29,35,0,14
BRDA:37,36,0,14
BRDA:38,37,0,105
BRDA:39,38,0,5
BRDA:40,39,0,1
BRDA:41,40,0,4
BRDA:41,41,0,3
BRDA:41,42,0,2
BRDA:42,43,0,1
BRDA:43,44,0,100
BRDA:44,45,0,99
BRDA:44,46,0,83
BRDA:45,47,0,36
BRDA:45,48,0,17
BRDA:45,49,0,13
BRDA:45,50,0,59
BRDA:45,51,0,55
BRDA:45,52,0,12
BRDA:46,53,0,5
BRDA:46,54,0,4
BRDA:48,55,0,2
BRDA:51,56,0,20
BRDA:52,57,0,12
BRDA:52,58,0,15
BRDA:52,59,0,8
BRDA:53,60,0,8
BRDA:54,61,0,16
BRDA:54,62,0,12
BRDA:54,63,0,13
BRDA:54,64,0,7
BRDA:54,65,0,10
BRDA:54,66,0,5
BRDA:55,67,0,12
BRDA:55,68,0,4
BRDA:56,69,0,8
BRDA:60,70,0,14
BRDA:61,71,0,134
BRDA:62,72,0,9
BRDA:65,73,0,4
BRDA:66,74,0,3
BRDA:67,75,0,1
BRDA:72,76,0,125
BRDA:75,77,0,2
BRDA:79,78,0,88
BRDA:86,79,0,9
BRDA:100,80,0,9
BRDA:105,81,0,29
BRDA:106,82,0,1
BRDA:107,83,0,28
BRDA:111,84,0,26
BRDA:113,85,0,2
BRF:86
BRH:82
end_of_record
TN:
SF:src/graph/gedcom/core/Line.ts
FN:1,__name
FN:1,__export
FN:1,__copyProps
FN:1,get
FN:1,__toCommonJS
FN:1,Line
FN:1,<static_initializer>
FN:1,Line
FN:9,compareTo
FN:13,toString
FNF:10
FNH:9
FNDA:14,__name
FNDA:14,__export
FNDA:14,__copyProps
FNDA:84,get
FNDA:14,__toCommonJS
FNDA:84,Line
FNDA:14,<static_initializer>
FNDA:696,Line
FNDA:316,compareTo
FNDA:0,toString
DA:1,1
DA:2,696
DA:3,696
DA:4,696
DA:5,696
DA:6,14
DA:7,14
DA:8,14
DA:9,14
DA:10,316
DA:11,316
DA:12,14
DA:13,14
DA:14,0
DA:15,0
DA:16,14
LF:16
LH:14
BRDA:16,0,0,0
BRDA:1,1,0,14
BRDA:1,2,0,14
BRDA:1,3,0,14
BRDA:1,4,0,0
BRDA:1,5,0,84
BRDA:1,6,0,14
BRDA:1,7,0,84
BRDA:1,8,0,14
BRDA:1,9,0,696
BRDA:9,10,0,316
BRF:11
BRH:9
end_of_record
TN:
SF:src/graph/gedcom/core/Metric.ts
FN:1,__name
FN:1,__export
FN:1,__copyProps
FN:1,get
FN:1,__toCommonJS
FN:1,Metric
FN:1,<static_initializer>
FN:1,Metric
FN:10,centerX
FN:14,centerY
FNF:10
FNH:10
FNDA:14,__name
FNDA:14,__export
FNDA:14,__copyProps
FNDA:56,get
FNDA:14,__toCommonJS
FNDA:56,Metric
FNDA:14,<static_initializer>
FNDA:1792,Metric
FNDA:2199,centerX
FNDA:991,centerY
DA:1,1
DA:2,1792
DA:3,1792
DA:4,1792
DA:5,1792
DA:6,14
DA:7,14
DA:8,14
DA:9,14
DA:10,14
DA:11,2199
DA:12,2199
DA:13,14
DA:14,14
DA:15,991
DA:16,991
DA:17,14
DA:18,14
DA:19,14
DA:20,14
LF:20
LH:20
BRDA:20,0,0,0
BRDA:1,1,0,14
BRDA:1,2,0,14
BRDA:1,3,0,14
BRDA:1,4,0,0
BRDA:1,5,0,56
BRDA:1,6,0,14
BRDA:1,7,0,56
BRDA:1,8,0,14
BRDA:1,9,0,1792
BRDA:10,10,0,2199
BRDA:14,11,0,991
BRF:12
BRH:10
end_of_record
TN:
SF:src/graph/gedcom/core/Node.ts
FN:1,__name
FN:1,__export
FN:1,__copyProps
FN:1,get
FN:1,__toCommonJS
FN:1,Node
FN:9,<static_initializer>
FN:9,Node
FN:28,moveDescending
FN:37,placeYouthX
FN:43,placeMiniChildrenX
FN:55,placeAcquiredOriginX
FN:65,placeAcquiredOriginY
FN:75,alignMiniEmptyOverYouth
FN:82,slide
FN:109,isMultiMarriage
FN:113,initializeOrigins
FN:124,outdistanceDescendantColumn
FN:137,findDescendantColumnShift
FNF:19
FNH:17
FNDA:14,__name
FNDA:14,__export
FNDA:14,__copyProps
FNDA:28,get
FNDA:14,__toCommonJS
FNDA:28,Node
FNDA:14,<static_initializer>
FNDA:826,Node
FNDA:0,moveDescending
FNDA:313,placeYouthX
FNDA:378,placeMiniChildrenX
FNDA:378,placeAcquiredOriginX
FNDA:469,placeAcquiredOriginY
FNDA:378,alignMiniEmptyOverYouth
FNDA:0,slide
FNDA:374,isMultiMarriage
FNDA:385,initializeOrigins
FNDA:313,outdistanceDescendantColumn
FNDA:306,findDescendantColumnShift
DA:1,28
DA:2,1
DA:3,1
DA:4,1
DA:5,1
DA:6,1
DA:7,1
DA:8,1
DA:9,1
DA:10,826
DA:11,826
DA:12,826
DA:13,826
DA:14,826
DA:15,826
DA:16,826
DA:17,826
DA:18,826
DA:19,826
DA:20,826
DA:21,826
DA:22,826
DA:23,826
DA:24,14
DA:25,14
DA:26,14
DA:27,14
DA:28,14
DA:29,0
DA:30,0
DA:31,0
DA:32,0
DA:33,0
DA:34,0
DA:35,0
DA:36,14
DA:37,14
DA:38,313
DA:39,138
DA:40,138
DA:41,313
DA:42,14
DA:43,14
DA:44,378
DA:45,12
DA:46,12
DA:47,12
DA:48,12
DA:49,12
DA:50,12
DA:51,12
DA:52,12
DA:53,378
DA:54,14
DA:55,14
DA:56,378
DA:57,221
DA:58,405
DA:59,9
DA:60,9
DA:61,405
DA:62,221
DA:63,378
DA:64,14
DA:65,14
DA:66,469
DA:67,311
DA:68,588
DA:69,9
DA:70,9
DA:71,588
DA:72,311
DA:73,469
DA:74,14
DA:75,14
DA:76,378
DA:77,5
DA:78,5
DA:79,5
DA:80,378
DA:81,14
DA:82,14
DA:83,0
DA:84,0
DA:85,0
DA:86,0
DA:87,0
DA:88,0
DA:89,0
DA:90,0
DA:91,0
DA:92,0
DA:93,0
DA:94,0
DA:95,0
DA:96,0
DA:97,0
DA:98,14
DA:99,14
DA:100,14
DA:101,14
DA:102,14
DA:103,14
DA:104,14
DA:105,14
DA:106,14
DA:107,14
DA:108,14
DA:109,14
DA:110,374
DA:111,374
DA:112,14
DA:113,14
DA:114,385
DA:115,322
DA:116,322
DA:117,322
DA:118,261
DA:119,261
DA:120,261
DA:121,322
DA:122,385
DA:123,14
DA:124,14
DA:125,313
DA:126,138
DA:127,138
DA:128,30
DA:129,30
DA:130,138
DA:131,138
DA:132,0
DA:133,0
DA:134,138
DA:135,313
DA:136,14
DA:137,14
DA:138,306
DA:139,165
DA:140,165
DA:141,28
DA:142,28
DA:143,0
DA:144,0
DA:145,28
DA:146,165
DA:147,168
DA:148,168
DA:149,165
DA:150,306
DA:151,14
LF:151
LH:125
BRDA:151,0,0,0
BRDA:1,1,0,14
BRDA:1,2,0,14
BRDA:1,3,0,14
BRDA:1,4,0,0
BRDA:1,5,0,28
BRDA:1,6,0,14
BRDA:1,7,0,28
BRDA:9,8,0,14
BRDA:9,9,0,826
BRDA:37,10,0,313
BRDA:38,11,0,149
BRDA:38,12,0,138
BRDA:43,13,0,378
BRDA:44,14,0,191
BRDA:44,15,0,12
BRDA:55,16,0,378
BRDA:56,17,0,221
BRDA:57,18,0,405
BRDA:58,19,0,112
BRDA:58,20,0,9
BRDA:65,21,0,469
BRDA:66,22,0,313
BRDA:66,23,0,311
BRDA:67,24,0,588
BRDA:68,25,0,94
BRDA:68,26,0,9
BRDA:75,27,0,378
BRDA:76,28,0,191
BRDA:76,29,0,5
BRDA:109,30,0,374
BRDA:110,31,0,372
BRDA:110,32,0,369
BRDA:110,33,0,362
BRDA:113,34,0,385
BRDA:114,35,0,345
BRDA:114,36,0,322
BRDA:117,37,0,497
BRDA:117,38,0,261
BRDA:118,39,0,260
BRDA:118,40,0,1
BRDA:119,41,0,175
BRDA:119,42,0,173
BRDA:124,43,0,313
BRDA:125,44,0,149
BRDA:125,45,0,138
BRDA:127,46,0,31
BRDA:127,47,0,30
BRDA:131,48,0,0
BRDA:137,49,0,306
BRDA:138,50,0,172
BRDA:138,51,0,165
BRDA:140,52,0,28
BRDA:140,53,0,28
BRDA:142,54,0,0
BRDA:146,55,0,168
BRF:56
BRH:52
end_of_record
TN:
SF:src/graph/gedcom/engine/Animator.ts
FN:1,__name
FN:1,__export
FN:1,__copyProps
FN:1,get
FN:1,__toCommonJS
FN:1,Animator
FN:19,<static_initializer>
FN:19,Animator
FN:41,addNode
FN:46,initNodes
FN:210,placeNodes
FN:306,distributeLines
FN:333,<static_initializer>
FN:333,LineRow
FN:336,reset
FNF:15
FNH:14
FNDA:28,__name
FNDA:14,__export
FNDA:14,__copyProps
FNDA:139,get
FNDA:14,__toCommonJS
FNDA:139,Animator
FNDA:14,<static_initializer>
FNDA:139,Animator
FNDA:385,addNode
FNDA:136,initNodes
FNDA:133,placeNodes
FNDA:266,distributeLines
FNDA:14,<static_initializer>
FNDA:29,LineRow
FNDA:0,reset
DA:1,139
DA:2,1
DA:3,1
DA:4,1
DA:5,1
DA:6,1
DA:7,1
DA:8,1
DA:9,1
DA:10,1
DA:11,1
DA:12,1
DA:13,1
DA:14,1
DA:15,1
DA:16,1
DA:17,1
DA:18,1
DA:19,1
DA:20,139
DA:21,139
DA:22,139
DA:23,139
DA:24,139
DA:25,139
DA:26,139
DA:27,139
DA:28,139
DA:29,139
DA:30,139
DA:31,139
DA:32,139
DA:33,139
DA:34,139
DA:35,139
DA:36,139
DA:37,139
DA:38,139
DA:39,139
DA:40,14
DA:41,14
DA:42,385
DA:43,385
DA:44,385
DA:45,14
DA:46,14
DA:47,136
DA:48,136
DA:49,136
DA:50,136
DA:51,136
DA:52,136
DA:53,136
DA:54,136
DA:55,136
DA:56,136
DA:57,385
DA:58,226
DA:59,226
DA:60,413
DA:61,413
DA:62,413
DA:63,226
DA:64,226
DA:65,226
DA:66,216
DA:67,216
DA:68,216
DA:69,2
DA:70,2
DA:71,2
DA:72,2
DA:73,216
DA:74,216
DA:75,216
DA:76,226
DA:77,385
DA:78,385
DA:79,385
DA:80,136
DA:81,136
DA:82,136
DA:83,136
DA:84,136
DA:85,284
DA:86,284
DA:87,284
DA:88,284
DA:89,284
DA:90,136
DA:91,136
DA:92,432
DA:93,432
DA:94,136
DA:95,136
DA:96,1
DA:97,1
DA:98,1
DA:99,0
DA:100,0
DA:101,0
DA:102,0
DA:103,0
DA:104,0
DA:105,1
DA:106,1
DA:107,136
DA:108,136
DA:109,136
DA:110,136
DA:111,385
DA:112,572
DA:113,222
DA:114,222
DA:115,572
DA:116,385
DA:117,226
DA:118,226
DA:119,226
DA:120,199
DA:121,199
DA:122,226
DA:123,226
DA:124,210
DA:125,210
DA:126,226
DA:127,226
DA:128,226
DA:129,385
DA:130,136
DA:131,136
DA:132,432
DA:133,417
DA:134,417
DA:135,417
DA:136,417
DA:137,432
DA:138,136
DA:139,136
DA:140,284
DA:141,284
DA:142,417
DA:143,463
DA:144,358
DA:145,358
DA:146,358
DA:147,358
DA:148,463
DA:149,417
DA:150,284
DA:151,136
DA:152,136
DA:153,284
DA:154,417
DA:155,417
DA:156,417
DA:157,417
DA:158,457
DA:159,219
DA:160,107
DA:161,105
DA:162,105
DA:163,105
DA:164,105
DA:165,107
DA:166,219
DA:167,114
DA:168,114
DA:169,114
DA:170,219
DA:171,219
DA:172,457
DA:173,417
DA:174,417
DA:175,105
DA:176,111
DA:177,6
DA:178,6
DA:179,111
DA:180,417
DA:181,312
DA:182,312
DA:183,312
DA:184,417
DA:185,487
DA:186,487
DA:187,487
DA:188,487
DA:189,487
DA:190,417
DA:191,284
DA:192,136
DA:193,136
DA:194,284
DA:195,284
DA:196,284
DA:197,312
DA:198,312
DA:199,312
DA:200,312
DA:201,312
DA:202,312
DA:203,284
DA:204,136
DA:205,136
DA:206,385
DA:207,385
DA:208,136
DA:209,14
DA:210,14
DA:211,133
DA:212,279
DA:213,307
DA:214,307
DA:215,351
DA:216,351
DA:217,307
DA:218,279
DA:219,133
DA:220,133
DA:221,426
DA:222,5
DA:223,5
DA:224,5
DA:225,426
DA:226,469
DA:227,469
DA:228,469
DA:229,469
DA:230,469
DA:231,426
DA:232,133
DA:233,133
DA:234,133
DA:235,245
DA:236,245
DA:237,133
DA:238,244
DA:239,244
DA:240,133
DA:241,112
DA:242,112
DA:243,133
DA:244,133
DA:245,133
DA:246,133
DA:247,133
DA:248,133
DA:249,112
DA:250,112
DA:251,133
DA:252,35
DA:253,36
DA:254,36
DA:255,35
DA:256,133
DA:257,244
DA:258,244
DA:259,133
DA:260,133
DA:261,133
DA:262,133
DA:263,133
DA:264,133
DA:265,133
DA:266,133
DA:267,77
DA:268,77
DA:269,77
DA:270,133
DA:271,133
DA:272,378
DA:273,378
DA:274,378
DA:275,378
DA:276,133
DA:277,133
DA:278,133
DA:279,133
DA:280,378
DA:281,378
DA:282,378
DA:283,378
DA:284,378
DA:285,133
DA:286,133
DA:287,133
DA:288,133
DA:289,378
DA:290,378
DA:291,378
DA:292,133
DA:293,133
DA:294,131
DA:295,373
DA:296,373
DA:297,131
DA:298,131
DA:299,131
DA:300,133
DA:301,133
DA:302,133
DA:303,133
DA:304,133
DA:305,14
DA:306,14
DA:307,266
DA:308,266
DA:309,64
DA:310,82
DA:311,82
DA:312,169
DA:313,169
DA:314,169
DA:315,169
DA:316,169
DA:317,29
DA:318,29
DA:319,29
DA:320,169
DA:321,169
DA:322,169
DA:323,169
DA:324,82
DA:325,82
DA:326,29
DA:327,29
DA:328,29
DA:329,29
DA:330,266
DA:331,14
DA:332,1
DA:333,29
DA:334,29
DA:335,14
DA:336,14
DA:337,0
DA:338,0
DA:339,0
DA:340,14
LF:340
LH:331
BRDA:340,0,0,0
BRDA:1,1,0,28
BRDA:1,2,0,14
BRDA:1,3,0,14
BRDA:1,4,0,0
BRDA:1,5,0,139
BRDA:1,6,0,14
BRDA:1,7,0,139
BRDA:19,8,0,14
BRDA:19,9,0,139
BRDA:41,10,0,385
BRDA:46,11,0,136
BRDA:56,12,0,385
BRDA:57,13,0,226
BRDA:59,14,0,413
BRDA:65,15,0,216
BRDA:66,16,0,12
BRDA:66,17,0,204
BRDA:66,18,0,2
BRDA:66,19,0,202
BRDA:68,20,0,2
BRDA:71,21,0,0
BRDA:77,22,0,361
BRDA:77,23,0,360
BRDA:77,24,0,359
BRDA:78,25,0,169
BRDA:84,26,0,284
BRDA:88,27,0,148
BRDA:91,28,0,432
BRDA:95,29,0,1
BRDA:98,30,0,0
BRDA:98,31,0,0
BRDA:110,32,0,385
BRDA:111,33,0,572
BRDA:112,34,0,222
BRDA:116,35,0,226
BRDA:118,36,0,225
BRDA:119,37,0,27
BRDA:119,38,0,199
BRDA:121,39,0,188
BRDA:123,40,0,16
BRDA:123,41,0,210
BRDA:124,42,0,204
BRDA:125,43,0,11
BRDA:126,44,0,200
BRDA:127,45,0,191
BRDA:131,46,0,432
BRDA:132,47,0,418
BRDA:132,48,0,417
BRDA:133,49,0,389
BRDA:133,50,0,219
BRDA:133,51,0,197
BRDA:134,52,0,0
BRDA:139,53,0,284
BRDA:141,54,0,417
BRDA:142,55,0,463
BRDA:143,56,0,358
BRDA:145,57,0,75
BRDA:152,58,0,284
BRDA:153,59,0,417
BRDA:157,60,0,457
BRDA:158,61,0,219
BRDA:159,62,0,107
BRDA:160,63,0,105
BRDA:166,64,0,114
BRDA:173,65,0,198
BRDA:174,66,0,105
BRDA:175,67,0,111
BRDA:176,68,0,6
BRDA:180,69,0,312
BRDA:184,70,0,487
BRDA:187,71,0,452
BRDA:188,72,0,135
BRDA:193,73,0,284
BRDA:196,74,0,312
BRDA:198,75,0,29
BRDA:205,76,0,385
BRDA:210,77,0,133
BRDA:211,78,0,279
BRDA:212,79,0,307
BRDA:214,80,0,351
BRDA:220,81,0,426
BRDA:221,82,0,412
BRDA:221,83,0,5
BRDA:225,84,0,469
BRDA:228,85,0,292
BRDA:229,86,0,12
BRDA:234,87,0,245
BRDA:237,88,0,244
BRDA:240,89,0,112
BRDA:246,90,0,266
BRDA:247,91,0,378
BRDA:248,92,0,112
BRDA:251,93,0,35
BRDA:252,94,0,36
BRDA:256,95,0,244
BRDA:260,96,0,378
BRDA:264,97,0,279
BRDA:266,98,0,77
BRDA:266,99,0,77
BRDA:271,100,0,378
BRDA:279,101,0,378
BRDA:280,102,0,193
BRDA:281,103,0,179
BRDA:282,104,0,170
BRDA:283,105,0,208
BRDA:288,106,0,378
BRDA:293,107,0,131
BRDA:294,108,0,373
BRDA:295,109,0,218
BRDA:297,110,0,554
BRDA:298,111,0,208
BRDA:301,112,0,39
BRDA:306,113,0,266
BRDA:307,114,0,210
BRDA:308,115,0,82
BRDA:308,116,0,64
BRDA:308,117,0,56
BRDA:308,118,0,169
BRDA:309,119,0,56
BRDA:310,120,0,0
BRDA:311,121,0,64
BRDA:311,122,0,56
BRDA:311,123,0,169
BRDA:313,124,0,29
BRDA:316,125,0,140
BRDA:316,126,0,29
BRDA:322,127,0,61
BRDA:324,128,0,56
BRDA:325,129,0,29
BRDA:309,130,0,313
BRDA:333,131,0,14
BRDA:333,132,0,29
BRF:133
BRH:126
end_of_record
TN:
SF:src/graph/gedcom/engine/Graph.ts
FN:1,__name
FN:1,__export
FN:1,__copyProps
FN:1,get
FN:1,__toCommonJS
FN:1,Graph
FN:13,<static_initializer>
FN:33,Graph
FN:37,setGedcom
FN:42,showFamily
FN:47,maxAncestors
FN:52,maxGreatUncles
FN:57,displaySpouses
FN:62,maxDescendants
FN:67,maxSiblingsNephews
FN:72,maxUnclesCousins
FN:77,displayNumbers
FN:84,displayDuplicateLines
FN:89,setLayoutDirection
FN:95,getWidth
FN:96,getHeight
FN:98,getPersonNodes
FN:99,getBonds
FN:101,needMaxBitmapSize
FN:103,setMaxBitmapSize
FN:104,getMaxBitmapSize
FN:105,getBiggestPathSize
FN:107,getLines
FN:108,getBackLines
FN:109,getDuplicateLines
FN:111,initNodes
FN:115,placeNodes
FN:119,startFrom
FN:125,createGroup
FN:136,createNodeFromPerson
FN:182,createNodeFromFamily
FN:200,createNextFamilyNode
FN:225,getSpouses
FN:253,areSiblings
FN:263,checkForDuplicate
FN:282,findAcquiredAncestry
FN:298,toString
FNF:42
FNH:42
FNDA:14,__name
FNDA:14,__export
FNDA:14,__copyProps
FNDA:139,get
FNDA:14,__toCommonJS
FNDA:139,Graph
FNDA:14,<static_initializer>
FNDA:139,Graph
FNDA:139,setGedcom
FNDA:2,showFamily
FNDA:9,maxAncestors
FNDA:3,maxGreatUncles
FNDA:1,displaySpouses
FNDA:6,maxDescendants
FNDA:9,maxSiblingsNephews
FNDA:4,maxUnclesCousins
FNDA:9,displayNumbers
FNDA:8,displayDuplicateLines
FNDA:3,setLayoutDirection
FNDA:13,getWidth
FNDA:12,getHeight
FNDA:2,getPersonNodes
FNDA:6,getBonds
FNDA:2,needMaxBitmapSize
FNDA:31,setMaxBitmapSize
FNDA:1,getMaxBitmapSize
FNDA:5,getBiggestPathSize
FNDA:6,getLines
FNDA:2,getBackLines
FNDA:3,getDuplicateLines
FNDA:136,initNodes
FNDA:133,placeNodes
FNDA:136,startFrom
FNDA:432,createGroup
FNDA:230,createNodeFromPerson
FNDA:128,createNodeFromFamily
FNDA:27,createNextFamilyNode
FNDA:237,getSpouses
FNDA:119,areSiblings
FNDA:572,checkForDuplicate
FNDA:98,findAcquiredAncestry
FNDA:1,toString
DA:1,139
DA:2,1
DA:3,1
DA:4,1
DA:5,1
DA:6,1
DA:7,1
DA:8,1
DA:9,1
DA:10,1
DA:11,1
DA:12,1
DA:13,1
DA:14,14
DA:15,14
DA:16,14
DA:17,14
DA:18,14
DA:19,14
DA:20,14
DA:21,14
DA:22,14
DA:23,14
DA:24,14
DA:25,14
DA:26,14
DA:27,14
DA:28,14
DA:29,14
DA:30,14
DA:31,14
DA:32,14
DA:33,14
DA:34,139
DA:35,139
DA:36,14
DA:37,14
DA:38,139
DA:39,139
DA:40,139
DA:41,14
DA:42,14
DA:43,2
DA:44,2
DA:45,2
DA:46,14
DA:47,14
DA:48,9
DA:49,9
DA:50,9
DA:51,14
DA:52,14
DA:53,3
DA:54,3
DA:55,3
DA:56,14
DA:57,14
DA:58,1
DA:59,1
DA:60,1
DA:61,14
DA:62,14
DA:63,6
DA:64,6
DA:65,6
DA:66,14
DA:67,14
DA:68,9
DA:69,9
DA:70,9
DA:71,14
DA:72,14
DA:73,4
DA:74,4
DA:75,4
DA:76,14
DA:77,14
DA:78,9
DA:79,9
DA:80,9
DA:81,9
DA:82,9
DA:83,14
DA:84,14
DA:85,8
DA:86,8
DA:87,8
DA:88,14
DA:89,14
DA:90,3
DA:91,3
DA:92,3
DA:93,3
DA:94,14
DA:95,14
DA:96,14
DA:97,14
DA:98,14
DA:99,14
DA:100,14
DA:101,14
DA:102,14
DA:103,14
DA:104,14
DA:105,14
DA:106,14
DA:107,14
DA:108,14
DA:109,14
DA:110,14
DA:111,14
DA:112,136
DA:113,136
DA:114,14
DA:115,14
DA:116,133
DA:117,133
DA:118,14
DA:119,14
DA:120,136
DA:121,136
DA:122,136
DA:123,136
DA:124,14
DA:125,14
DA:126,432
DA:127,432
DA:128,21
DA:129,21
DA:130,432
DA:131,411
DA:132,411
DA:133,432
DA:134,432
DA:135,14
DA:136,14
DA:137,230
DA:138,230
DA:139,230
DA:140,230
DA:141,230
DA:142,230
DA:143,230
DA:144,230
DA:145,230
DA:146,230
DA:147,230
DA:148,72
DA:149,72
DA:150,71
DA:151,71
DA:152,71
DA:153,71
DA:154,142
DA:155,71
DA:156,71
DA:157,71
DA:158,71
DA:159,71
DA:160,71
DA:161,0
DA:162,71
DA:163,71
DA:164,71
DA:165,71
DA:166,71
DA:167,142
DA:168,71
DA:169,72
DA:170,1
DA:171,1
DA:172,72
DA:173,230
DA:174,230
DA:175,71
DA:176,71
DA:177,71
DA:178,230
DA:179,159
DA:180,230
DA:181,14
DA:182,14
DA:183,128
DA:184,128
DA:185,128
DA:186,128
DA:187,128
DA:188,128
DA:189,244
DA:190,244
DA:191,244
DA:192,244
DA:193,244
DA:194,128
DA:195,128
DA:196,128
DA:197,128
DA:198,128
DA:199,14
DA:200,14
DA:201,27
DA:202,27
DA:203,27
DA:204,27
DA:205,27
DA:206,27
DA:207,27
DA:208,27
DA:209,27
DA:210,27
DA:211,27
DA:212,0
DA:213,27
DA:214,27
DA:215,27
DA:216,27
DA:217,27
DA:218,27
DA:219,27
DA:220,27
DA:221,27
DA:222,27
DA:223,27
DA:224,14
DA:225,14
DA:226,237
DA:227,237
DA:228,237
DA:229,237
DA:230,234
DA:231,234
DA:232,234
DA:233,237
DA:234,227
DA:235,227
DA:236,227
DA:237,237
DA:238,0
DA:239,0
DA:240,0
DA:241,237
DA:242,0
DA:243,0
DA:244,0
DA:245,237
DA:246,461
DA:247,461
DA:248,237
DA:249,237
DA:250,237
DA:251,237
DA:252,14
DA:253,14
DA:254,119
DA:255,108
DA:256,108
DA:257,108
DA:258,1
DA:259,108
DA:260,119
DA:261,119
DA:262,14
DA:263,14
DA:264,572
DA:265,1546
DA:266,1267
DA:267,41
DA:268,11
DA:269,11
DA:270,41
DA:271,39
DA:272,39
DA:273,1267
DA:274,149
DA:275,1226
DA:276,16
DA:277,16
DA:278,1267
DA:279,1546
DA:280,572
DA:281,14
DA:282,14
DA:283,98
DA:284,98
DA:285,98
DA:286,98
DA:287,9
DA:288,9
DA:289,9
DA:290,9
DA:291,9
DA:292,9
DA:293,9
DA:294,9
DA:295,98
DA:296,98
DA:297,14
DA:298,14
DA:299,1
DA:300,1
DA:301,1
DA:302,1
DA:303,1
DA:304,1
DA:305,14
LF:305
LH:297
BRDA:305,0,0,0
BRDA:1,1,0,14
BRDA:1,2,0,14
BRDA:1,3,0,14
BRDA:1,4,0,0
BRDA:1,5,0,139
BRDA:1,6,0,14
BRDA:1,7,0,139
BRDA:13,8,0,14
BRDA:33,9,0,139
BRDA:37,10,0,139
BRDA:42,11,0,2
BRDA:47,12,0,9
BRDA:52,13,0,3
BRDA:57,14,0,1
BRDA:62,15,0,6
BRDA:67,16,0,9
BRDA:72,17,0,4
BRDA:77,18,0,9
BRDA:79,19,0,8
BRDA:79,20,0,1
BRDA:80,21,0,8
BRDA:80,22,0,1
BRDA:84,23,0,8
BRDA:89,24,0,3
BRDA:95,25,0,13
BRDA:96,26,0,12
BRDA:98,27,0,2
BRDA:99,28,0,6
BRDA:101,29,0,2
BRDA:103,30,0,31
BRDA:104,31,0,1
BRDA:105,32,0,5
BRDA:107,33,0,6
BRDA:108,34,0,2
BRDA:109,35,0,3
BRDA:111,36,0,136
BRDA:115,37,0,133
BRDA:119,38,0,136
BRDA:125,39,0,432
BRDA:127,40,0,21
BRDA:130,41,0,411
BRDA:136,42,0,230
BRDA:147,43,0,94
BRDA:147,44,0,218
BRDA:147,45,0,81
BRDA:147,46,0,72
BRDA:149,47,0,71
BRDA:149,48,0,71
BRDA:153,49,0,142
BRDA:154,50,0,71
BRDA:154,51,0,71
BRDA:160,52,0,53
BRDA:160,53,0,0
BRDA:169,54,0,1
BRDA:174,55,0,71
BRDA:178,56,0,159
BRDA:160,57,0,9
BRDA:182,58,0,128
BRDA:185,59,0,13
BRDA:188,60,0,244
BRDA:200,61,0,27
BRDA:211,62,0,0
BRDA:211,63,0,0
BRDA:225,64,0,237
BRDA:229,65,0,234
BRDA:233,66,0,227
BRDA:237,67,0,0
BRDA:241,68,0,0
BRDA:245,69,0,461
BRDA:246,70,0,54
BRDA:246,71,0,27
BRDA:248,72,0,0
BRDA:249,73,0,27
BRDA:249,74,0,0
BRDA:253,75,0,119
BRDA:254,76,0,118
BRDA:254,77,0,108
BRDA:257,78,0,40
BRDA:257,79,0,1
BRDA:260,80,0,11
BRDA:263,81,0,572
BRDA:264,82,0,1546
BRDA:265,83,0,1334
BRDA:265,84,0,1267
BRDA:266,85,0,41
BRDA:267,86,0,11
BRDA:270,87,0,39
BRDA:273,88,0,1226
BRDA:273,89,0,1098
BRDA:273,90,0,190
BRDA:273,91,0,383
BRDA:273,92,0,149
BRDA:274,93,0,147
BRDA:275,94,0,16
BRDA:282,95,0,98
BRDA:286,96,0,9
BRDA:298,97,0,1
BRF:98
BRH:89
end_of_record
TN:
SF:src/graph/gedcom/engine/TreeWalker.ts
FN:1,__name
FN:1,__export
FN:1,__copyProps
FN:1,get
FN:1,__toCommonJS
FN:1,TreeWalker
FN:10,<static_initializer>
FN:13,TreeWalker
FN:17,walk
FN:97,findAncestors
FN:151,findAncestorGenus
FN:185,findUncles
FN:223,findHalfSiblings
FN:251,findDescendants
FN:281,findPersonGenus
FNF:15
FNH:15
FNDA:14,__name
FNDA:14,__export
FNDA:14,__copyProps
FNDA:136,get
FNDA:14,__toCommonJS
FNDA:136,TreeWalker
FNDA:14,<static_initializer>
FNDA:136,TreeWalker
FNDA:136,walk
FNDA:219,findAncestors
FNDA:219,findAncestorGenus
FNDA:166,findUncles
FNDA:156,findHalfSiblings
FNDA:244,findDescendants
FNDA:230,findPersonGenus
DA:1,136
DA:2,1
DA:3,1
DA:4,1
DA:5,1
DA:6,1
DA:7,1
DA:8,1
DA:9,1
DA:10,1
DA:11,14
DA:12,14
DA:13,14
DA:14,136
DA:15,136
DA:16,14
DA:17,14
DA:18,136
DA:19,136
DA:20,136
DA:21,136
DA:22,136
DA:23,136
DA:24,136
DA:25,136
DA:26,136
DA:27,136
DA:28,136
DA:29,136
DA:30,136
DA:31,81
DA:32,81
DA:33,81
DA:34,81
DA:35,81
DA:36,81
DA:37,81
DA:38,81
DA:39,81
DA:40,81
DA:41,81
DA:42,81
DA:43,81
DA:44,78
DA:45,78
DA:46,78
DA:47,78
DA:48,78
DA:49,78
DA:50,78
DA:51,78
DA:52,78
DA:53,78
DA:54,78
DA:55,78
DA:56,78
DA:57,81
DA:58,81
DA:59,82
DA:60,80
DA:61,80
DA:62,80
DA:63,80
DA:64,82
DA:65,2
DA:66,2
DA:67,2
DA:68,2
DA:69,2
DA:70,82
DA:71,81
DA:72,78
DA:73,4
DA:74,4
DA:75,78
DA:76,0
DA:77,0
DA:78,0
DA:79,0
DA:80,74
DA:81,74
DA:82,74
DA:83,74
DA:84,74
DA:85,74
DA:86,74
DA:87,74
DA:88,78
DA:89,136
DA:90,55
DA:91,55
DA:92,68
DA:93,68
DA:94,55
DA:95,136
DA:96,14
DA:97,14
DA:98,219
DA:99,219
DA:100,0
DA:101,0
DA:102,0
DA:103,219
DA:104,219
DA:105,219
DA:106,38
DA:107,38
DA:108,38
DA:109,38
DA:110,38
DA:111,38
DA:112,38
DA:113,10
DA:114,10
DA:115,10
DA:116,0
DA:117,0
DA:118,0
DA:119,10
DA:120,38
DA:121,38
DA:122,38
DA:123,38
DA:124,38
DA:125,38
DA:126,38
DA:127,38
DA:128,38
DA:129,38
DA:130,38
DA:131,36
DA:132,31
DA:133,31
DA:134,31
DA:135,0
DA:136,0
DA:137,31
DA:138,31
DA:139,31
DA:140,31
DA:141,31
DA:142,31
DA:143,36
DA:144,5
DA:145,5
DA:146,5
DA:147,36
DA:148,38
DA:149,219
DA:150,14
DA:151,14
DA:152,219
DA:153,219
DA:154,219
DA:155,217
DA:156,217
DA:157,6
DA:158,6
DA:159,6
DA:160,14
DA:161,14
DA:162,14
DA:163,14
DA:164,8
DA:165,8
DA:166,9
DA:167,6
DA:168,6
DA:169,6
DA:170,14
DA:171,6
DA:172,20
DA:173,14
DA:174,0
DA:175,0
DA:176,14
DA:177,14
DA:178,14
DA:179,14
DA:180,20
DA:181,6
DA:182,217
DA:183,219
DA:184,14
DA:185,14
DA:186,166
DA:187,166
DA:188,161
DA:189,161
DA:190,33
DA:191,33
DA:192,33
DA:193,33
DA:194,33
DA:195,33
DA:196,0
DA:197,0
DA:198,0
DA:199,0
DA:200,0
DA:201,33
DA:202,33
DA:203,49
DA:204,49
DA:205,16
DA:206,16
DA:207,16
DA:208,16
DA:209,16
DA:210,0
DA:211,0
DA:212,16
DA:213,16
DA:214,2
DA:215,2
DA:216,16
DA:217,16
DA:218,49
DA:219,33
DA:220,161
DA:221,166
DA:222,14
DA:223,14
DA:224,156
DA:225,0
DA:226,0
DA:227,0
DA:228,0
DA:229,0
DA:230,0
DA:231,0
DA:232,0
DA:233,0
DA:234,0
DA:235,0
DA:236,0
DA:237,0
DA:238,0
DA:239,0
DA:240,0
DA:241,0
DA:242,0
DA:243,0
DA:244,0
DA:245,0
DA:246,0
DA:247,0
DA:248,0
DA:249,156
DA:250,14
DA:251,14
DA:252,244
DA:253,230
DA:254,230
DA:255,94
DA:256,219
DA:257,136
DA:258,136
DA:259,136
DA:260,230
DA:261,75
DA:262,75
DA:263,75
DA:264,75
DA:265,75
DA:266,75
DA:267,75
DA:268,76
DA:269,76
DA:270,76
DA:271,64
DA:272,64
DA:273,64
DA:274,64
DA:275,76
DA:276,76
DA:277,75
DA:278,230
DA:279,244
DA:280,14
DA:281,14
DA:282,230
DA:283,230
DA:284,230
DA:285,230
DA:286,230
DA:287,149
DA:288,149
DA:289,149
DA:290,230
DA:291,81
DA:292,81
DA:293,81
DA:294,10
DA:295,10
DA:296,0
DA:297,0
DA:298,10
DA:299,81
DA:300,94
DA:301,94
DA:302,94
DA:303,94
DA:304,81
DA:305,93
DA:306,13
DA:307,13
DA:308,94
DA:309,94
DA:310,94
DA:311,81
DA:312,230
DA:313,230
DA:314,14
LF:314
LH:267
BRDA:314,0,0,0
BRDA:1,1,0,14
BRDA:1,2,0,14
BRDA:1,3,0,14
BRDA:1,4,0,0
BRDA:1,5,0,136
BRDA:1,6,0,14
BRDA:1,7,0,136
BRDA:10,8,0,14
BRDA:13,9,0,136
BRDA:17,10,0,136
BRDA:30,11,0,81
BRDA:32,12,0,0
BRDA:34,13,0,0
BRDA:38,14,0,2
BRDA:38,15,0,79
BRDA:43,16,0,80
BRDA:43,17,0,78
BRDA:45,18,0,0
BRDA:46,19,0,0
BRDA:48,20,0,74
BRDA:48,21,0,4
BRDA:53,22,0,74
BRDA:53,23,0,4
BRDA:53,24,0,74
BRDA:55,25,0,4
BRDA:55,26,0,74
BRDA:58,27,0,82
BRDA:59,28,0,80
BRDA:64,29,0,2
BRDA:71,30,0,80
BRDA:71,31,0,78
BRDA:72,32,0,4
BRDA:75,33,0,74
BRDA:75,34,0,0
BRDA:89,35,0,55
BRDA:91,36,0,68
BRDA:97,37,0,219
BRDA:99,38,0,0
BRDA:99,39,0,0
BRDA:103,40,0,2
BRDA:104,41,0,217
BRDA:105,42,0,38
BRDA:110,43,0,2
BRDA:110,44,0,36
BRDA:112,45,0,10
BRDA:115,46,0,0
BRDA:121,47,0,0
BRDA:124,48,0,34
BRDA:124,49,0,32
BRDA:124,50,0,6
BRDA:126,51,0,34
BRDA:126,52,0,32
BRDA:126,53,0,6
BRDA:128,54,0,37
BRDA:129,55,0,35
BRDA:130,56,0,36
BRDA:131,57,0,31
BRDA:134,58,0,0
BRDA:143,59,0,5
BRDA:145,60,0,0
BRDA:151,61,0,219
BRDA:154,62,0,217
BRDA:156,63,0,6
BRDA:159,64,0,14
BRDA:163,65,0,9
BRDA:163,66,0,8
BRDA:166,67,0,6
BRDA:171,68,0,20
BRDA:172,69,0,14
BRDA:173,70,0,0
BRDA:157,71,0,6
BRDA:185,72,0,166
BRDA:187,73,0,7
BRDA:187,74,0,2
BRDA:187,75,0,161
BRDA:189,76,0,33
BRDA:195,77,0,0
BRDA:202,78,0,49
BRDA:204,79,0,16
BRDA:207,80,0,0
BRDA:209,81,0,0
BRDA:213,82,0,14
BRDA:213,83,0,2
BRDA:223,84,0,156
BRDA:224,85,0,0
BRDA:251,86,0,244
BRDA:252,87,0,230
BRDA:254,88,0,219
BRDA:254,89,0,94
BRDA:256,90,0,136
BRDA:258,91,0,1
BRDA:260,92,0,75
BRDA:263,93,0,12
BRDA:263,94,0,0
BRDA:264,95,0,63
BRDA:265,96,0,35
BRDA:267,97,0,76
BRDA:269,98,0,75
BRDA:269,99,0,12
BRDA:269,100,0,64
BRDA:270,101,0,64
BRDA:281,102,0,230
BRDA:283,103,0,133
BRDA:284,104,0,0
BRDA:286,105,0,103
BRDA:286,106,0,85
BRDA:286,107,0,84
BRDA:286,108,0,149
BRDA:288,109,0,102
BRDA:290,110,0,81
BRDA:291,111,0,0
BRDA:293,112,0,10
BRDA:295,113,0,0
BRDA:295,114,0,0
BRDA:299,115,0,94
BRDA:303,116,0,93
BRDA:303,117,0,81
BRDA:305,118,0,13
BRDA:308,119,0,44
BRDA:294,120,0,10
BRF:121
BRH:98
end_of_record
TN:
SF:src/graph/gedcom/layout/Genus.ts
FN:1,__name
FN:1,__export
FN:1,__copyProps
FN:1,get
FN:1,__toCommonJS
FN:1,Genus
FN:5,<static_initializer>
FN:6,contains
FN:17,toString
FNF:9
FNH:8
FNDA:14,__name
FNDA:14,__export
FNDA:14,__copyProps
FNDA:449,get
FNDA:14,__toCommonJS
FNDA:449,Genus
FNDA:14,<static_initializer>
FNDA:2,contains
FNDA:0,toString
DA:1,449
DA:2,1
DA:3,1
DA:4,1
DA:5,1
DA:6,14
DA:7,2
DA:8,2
DA:9,2
DA:10,0
DA:11,0
DA:12,2
DA:13,2
DA:14,2
DA:15,2
DA:16,14
DA:17,14
DA:18,0
DA:19,0
DA:20,0
DA:21,0
DA:22,0
DA:23,0
DA:24,14
LF:24
LH:16
BRDA:24,0,0,0
BRDA:1,1,0,14
BRDA:1,2,0,14
BRDA:1,3,0,14
BRDA:1,4,0,0
BRDA:1,5,0,449
BRDA:1,6,0,14
BRDA:1,7,0,449
BRDA:5,8,0,14
BRDA:6,9,0,2
BRDA:9,10,0,0
BRF:11
BRH:8
end_of_record
TN:
SF:src/graph/gedcom/layout/Group.ts
FN:1,__name
FN:1,__export
FN:1,__copyProps
FN:1,get
FN:1,__toCommonJS
FN:1,Group
FN:7,<static_initializer>
FN:16,Group
FN:24,addNode
FN:30,setOrigin
FN:82,isOriginMiniOrEmpty
FN:90,contains
FN:99,placeNodes
FN:107,placeAncestors
FN:128,placeOriginX
FN:134,placeOriginY
FN:140,moveDescending
FN:150,centerRelX
FN:154,centerRelY
FN:158,setX
FN:166,setY
FN:173,updateX
FN:177,getWidth
FN:183,getBasicLeftWidth
FN:195,getBasicCentralWidth
FN:208,getHeight
FN:216,toString
FNF:27
FNH:26
FNDA:14,__name
FNDA:14,__export
FNDA:14,__copyProps
FNDA:436,get
FNDA:14,__toCommonJS
FNDA:436,Group
FNDA:14,<static_initializer>
FNDA:432,Group
FNDA:477,addNode
FNDA:432,setOrigin
FNDA:603,isOriginMiniOrEmpty
FNDA:182,contains
FNDA:273,placeNodes
FNDA:370,placeAncestors
FNDA:138,placeOriginX
FNDA:5,placeOriginY
FNDA:129,moveDescending
FNDA:296,centerRelX
FNDA:5,centerRelY
FNDA:133,setX
FNDA:12,setY
FNDA:426,updateX
FNDA:12,getWidth
FNDA:273,getBasicLeftWidth
FNDA:273,getBasicCentralWidth
FNDA:5,getHeight
FNDA:0,toString
DA:1,436
DA:2,1
DA:3,1
DA:4,1
DA:5,1
DA:6,1
DA:7,1
DA:8,14
DA:9,14
DA:10,14
DA:11,14
DA:12,14
DA:13,14
DA:14,14
DA:15,14
DA:16,14
DA:17,432
DA:18,432
DA:19,432
DA:20,432
DA:21,432
DA:22,432
DA:23,14
DA:24,14
DA:25,477
DA:26,447
DA:27,477
DA:28,477
DA:29,14
DA:30,14
DA:31,432
DA:32,432
DA:33,477
DA:34,211
DA:35,211
DA:36,211
DA:37,477
DA:38,432
DA:39,221
DA:40,233
DA:41,233
DA:42,220
DA:43,220
DA:44,220
DA:45,233
DA:46,221
DA:47,432
DA:48,432
DA:49,432
DA:50,418
DA:51,418
DA:52,438
DA:53,105
DA:54,105
DA:55,105
DA:56,438
DA:57,356
DA:58,312
DA:59,312
DA:60,312
DA:61,356
DA:62,438
DA:63,418
DA:64,418
DA:65,423
DA:66,423
DA:67,105
DA:68,105
DA:69,105
DA:70,423
DA:71,412
DA:72,363
DA:73,363
DA:74,312
DA:75,312
DA:76,312
DA:77,363
DA:78,423
DA:79,418
DA:80,432
DA:81,14
DA:82,14
DA:83,603
DA:84,370
DA:85,370
DA:86,370
DA:87,603
DA:88,603
DA:89,14
DA:90,14
DA:91,182
DA:92,52
DA:93,69
DA:94,69
DA:95,52
DA:96,182
DA:97,182
DA:98,14
DA:99,14
DA:100,273
DA:101,273
DA:102,288
DA:103,288
DA:104,288
DA:105,273
DA:106,14
DA:107,14
DA:108,370
DA:109,138
DA:110,138
DA:111,138
DA:112,133
DA:113,133
DA:114,35
DA:115,35
DA:116,35
DA:117,35
DA:118,133
DA:119,133
DA:120,61
DA:121,61
DA:122,61
DA:123,61
DA:124,133
DA:125,138
DA:126,370
DA:127,14
DA:128,14
DA:129,138
DA:130,138
DA:131,138
DA:132,138
DA:133,14
DA:134,14
DA:135,5
DA:136,5
DA:137,5
DA:138,5
DA:139,14
DA:140,14
DA:141,129
DA:142,121
DA:143,121
DA:144,121
DA:145,123
DA:146,123
DA:147,121
DA:148,129
DA:149,14
DA:150,14
DA:151,296
DA:152,296
DA:153,14
DA:154,14
DA:155,5
DA:156,5
DA:157,14
DA:158,14
DA:159,133
DA:160,133
DA:161,135
DA:162,135
DA:163,133
DA:164,133
DA:165,14
DA:166,14
DA:167,12
DA:168,12
DA:169,12
DA:170,12
DA:171,12
DA:172,14
DA:173,14
DA:174,426
DA:175,426
DA:176,14
DA:177,14
DA:178,12
DA:179,12
DA:180,12
DA:181,12
DA:182,14
DA:183,14
DA:184,273
DA:185,273
DA:186,283
DA:187,272
DA:188,272
DA:189,272
DA:190,283
DA:191,11
DA:192,273
DA:193,273
DA:194,14
DA:195,14
DA:196,273
DA:197,273
DA:198,5
DA:199,5
DA:200,5
DA:201,5
DA:202,5
DA:203,5
DA:204,5
DA:205,273
DA:206,273
DA:207,14
DA:208,14
DA:209,5
DA:210,5
DA:211,5
DA:212,5
DA:213,5
DA:214,5
DA:215,14
DA:216,14
DA:217,0
DA:218,0
DA:219,14
LF:219
LH:217
BRDA:219,0,0,0
BRDA:1,1,0,14
BRDA:1,2,0,14
BRDA:1,3,0,14
BRDA:1,4,0,0
BRDA:1,5,0,436
BRDA:1,6,0,14
BRDA:1,7,0,436
BRDA:7,8,0,14
BRDA:16,9,0,432
BRDA:24,10,0,477
BRDA:25,11,0,30
BRDA:25,12,0,447
BRDA:30,13,0,432
BRDA:32,14,0,477
BRDA:33,15,0,221
BRDA:33,16,0,211
BRDA:34,17,0,125
BRDA:34,18,0,105
BRDA:34,19,0,106
BRDA:38,20,0,221
BRDA:39,21,0,233
BRDA:41,22,0,220
BRDA:47,23,0,193
BRDA:49,24,0,418
BRDA:51,25,0,438
BRDA:52,26,0,203
BRDA:52,27,0,105
BRDA:52,28,0,105
BRDA:56,29,0,423
BRDA:56,30,0,333
BRDA:56,31,0,356
BRDA:57,32,0,312
BRDA:62,33,0,21
BRDA:64,34,0,423
BRDA:66,35,0,219
BRDA:66,36,0,105
BRDA:66,37,0,105
BRDA:70,38,0,412
BRDA:70,39,0,318
BRDA:71,40,0,363
BRDA:73,41,0,312
BRDA:78,42,0,6
BRDA:82,43,0,603
BRDA:83,44,0,370
BRDA:84,45,0,30
BRDA:85,46,0,354
BRDA:85,47,0,340
BRDA:85,48,0,332
BRDA:87,49,0,233
BRDA:90,50,0,182
BRDA:91,51,0,52
BRDA:92,52,0,69
BRDA:93,53,0,33
BRDA:95,54,0,19
BRDA:96,55,0,149
BRDA:99,56,0,273
BRDA:101,57,0,288
BRDA:107,58,0,370
BRDA:108,59,0,138
BRDA:111,60,0,133
BRDA:113,61,0,35
BRDA:119,62,0,61
BRDA:128,63,0,138
BRDA:134,64,0,5
BRDA:136,65,0,0
BRDA:140,66,0,129
BRDA:141,67,0,121
BRDA:144,68,0,123
BRDA:145,69,0,31
BRDA:150,70,0,296
BRDA:154,71,0,5
BRDA:158,72,0,133
BRDA:160,73,0,135
BRDA:166,74,0,12
BRDA:173,75,0,426
BRDA:177,76,0,12
BRDA:183,77,0,273
BRDA:185,78,0,283
BRDA:186,79,0,272
BRDA:190,80,0,11
BRDA:195,81,0,273
BRDA:197,82,0,272
BRDA:197,83,0,5
BRDA:208,84,0,5
BRF:85
BRH:82
end_of_record
TN:
SF:src/graph/gedcom/layout/GroupRow.ts
FN:1,__name
FN:1,__export
FN:1,__copyProps
FN:1,get
FN:1,__toCommonJS
FN:1,GroupRow
FN:3,<static_initializer>
FN:6,GroupRow
FN:11,placeAncestors
FN:17,toString
FNF:10
FNH:9
FNDA:14,__name
FNDA:14,__export
FNDA:14,__copyProps
FNDA:284,get
FNDA:14,__toCommonJS
FNDA:284,GroupRow
FNDA:14,<static_initializer>
FNDA:284,GroupRow
FNDA:245,placeAncestors
FNDA:0,toString
DA:1,284
DA:2,1
DA:3,1
DA:4,14
DA:5,14
DA:6,14
DA:7,284
DA:8,284
DA:9,284
DA:10,14
DA:11,14
DA:12,245
DA:13,370
DA:14,370
DA:15,245
DA:16,14
DA:17,14
DA:18,0
DA:19,0
DA:20,0
DA:21,14
LF:21
LH:18
BRDA:21,0,0,0
BRDA:1,1,0,14
BRDA:1,2,0,14
BRDA:1,3,0,14
BRDA:1,4,0,0
BRDA:1,5,0,284
BRDA:1,6,0,14
BRDA:1,7,0,284
BRDA:3,8,0,14
BRDA:6,9,0,284
BRDA:11,10,0,245
BRDA:12,11,0,370
BRF:12
BRH:10
end_of_record
TN:
SF:src/graph/gedcom/layout/Union.ts
FN:1,__name
FN:1,__export
FN:1,__copyProps
FN:1,get
FN:1,__toCommonJS
FN:1,Union
FN:6,<static_initializer>
FN:16,Union
FN:22,getOrigins
FN:26,updateX
FN:30,initializeDescendants
FN:41,initializeYouths
FN:48,placeOriginsAscending
FN:63,moveAscending
FN:73,moveDescending
FN:80,outdistanceAncestorColumn
FN:99,findAncestorColumnShift
FN:115,alignBetweenOrigins
FN:138,distributeNodesOverYouth
FN:166,centerRelX
FN:170,centerRelY
FN:174,setX
FN:182,setY
FN:189,getWidth
FN:195,getHeight
FN:201,toString
FNF:26
FNH:24
FNDA:14,__name
FNDA:14,__export
FNDA:14,__copyProps
FNDA:316,get
FNDA:14,__toCommonJS
FNDA:316,Union
FNDA:14,<static_initializer>
FNDA:313,Union
FNDA:226,getOrigins
FNDA:6,updateX
FNDA:312,initializeDescendants
FNDA:312,initializeYouths
FNDA:113,placeOriginsAscending
FNDA:3,moveAscending
FNDA:77,moveDescending
FNDA:116,outdistanceAncestorColumn
FNDA:164,findAncestorColumnShift
FNDA:113,alignBetweenOrigins
FNDA:271,distributeNodesOverYouth
FNDA:114,centerRelX
FNDA:307,centerRelY
FNDA:116,setX
FNDA:0,setY
FNDA:3,getWidth
FNDA:307,getHeight
FNDA:0,toString
DA:1,1
DA:2,1
DA:3,1
DA:4,1
DA:5,1
DA:6,1
DA:7,14
DA:8,14
DA:9,14
DA:10,14
DA:11,14
DA:12,14
DA:13,14
DA:14,14
DA:15,14
DA:16,14
DA:17,313
DA:18,313
DA:19,313
DA:20,313
DA:21,14
DA:22,14
DA:23,226
DA:24,226
DA:25,14
DA:26,14
DA:27,6
DA:28,6
DA:29,14
DA:30,14
DA:31,312
DA:32,114
DA:33,114
DA:34,114
DA:35,49
DA:36,49
DA:37,49
DA:38,114
DA:39,312
DA:40,14
DA:41,14
DA:42,312
DA:43,312
DA:44,358
DA:45,358
DA:46,312
DA:47,14
DA:48,14
DA:49,113
DA:50,113
DA:51,1
DA:52,1
DA:53,1
DA:54,1
DA:55,1
DA:56,1
DA:57,1
DA:58,1
DA:59,1
DA:60,1
DA:61,113
DA:62,14
DA:63,14
DA:64,3
DA:65,3
DA:66,3
DA:67,3
DA:68,1
DA:69,1
DA:70,3
DA:71,3
DA:72,14
DA:73,14
DA:74,77
DA:75,77
DA:76,105
DA:77,105
DA:78,77
DA:79,14
DA:80,14
DA:81,116
DA:82,116
DA:83,114
DA:84,114
DA:85,116
DA:86,1
DA:87,1
DA:88,1
DA:89,116
DA:90,1
DA:91,1
DA:92,1
DA:93,115
DA:94,115
DA:95,0
DA:96,0
DA:97,116
DA:98,14
DA:99,14
DA:100,164
DA:101,50
DA:102,50
DA:103,0
DA:104,0
DA:105,0
DA:106,50
DA:107,50
DA:108,0
DA:109,0
DA:110,0
DA:111,50
DA:112,50
DA:113,164
DA:114,14
DA:115,14
DA:116,113
DA:117,113
DA:118,1
DA:119,1
DA:120,1
DA:121,1
DA:122,1
DA:123,1
DA:124,1
DA:125,1
DA:126,1
DA:127,1
DA:128,113
DA:129,34
DA:130,34
DA:131,34
DA:132,34
DA:133,34
DA:134,34
DA:135,113
DA:136,113
DA:137,14
DA:138,14
DA:139,271
DA:140,260
DA:141,138
DA:142,138
DA:143,138
DA:144,245
DA:145,271
DA:146,2
DA:147,2
DA:148,2
DA:149,267
DA:150,28
DA:151,28
DA:152,28
DA:153,28
DA:154,0
DA:155,0
DA:156,0
DA:157,0
DA:158,28
DA:159,267
DA:160,271
DA:161,5
DA:162,5
DA:163,5
DA:164,271
DA:165,14
DA:166,14
DA:167,114
DA:168,114
DA:169,14
DA:170,14
DA:171,307
DA:172,307
DA:173,14
DA:174,14
DA:175,116
DA:176,116
DA:177,147
DA:178,147
DA:179,116
DA:180,116
DA:181,14
DA:182,14
DA:183,0
DA:184,0
DA:185,0
DA:186,0
DA:187,0
DA:188,14
DA:189,14
DA:190,3
DA:191,3
DA:192,3
DA:193,3
DA:194,14
DA:195,14
DA:196,307
DA:197,307
DA:198,307
DA:199,307
DA:200,14
DA:201,14
DA:202,0
DA:203,0
DA:204,14
LF:204
LH:185
BRDA:204,0,0,0
BRDA:1,1,0,14
BRDA:1,2,0,14
BRDA:1,3,0,14
BRDA:1,4,0,0
BRDA:1,5,0,316
BRDA:1,6,0,14
BRDA:1,7,0,316
BRDA:6,8,0,14
BRDA:16,9,0,313
BRDA:22,10,0,226
BRDA:23,11,0,0
BRDA:26,12,0,6
BRDA:30,13,0,312
BRDA:31,14,0,114
BRDA:34,15,0,49
BRDA:41,16,0,312
BRDA:43,17,0,358
BRDA:44,18,0,188
BRDA:44,19,0,176
BRDA:48,20,0,113
BRDA:50,21,0,1
BRDA:63,22,0,3
BRDA:67,23,0,1
BRDA:73,24,0,77
BRDA:75,25,0,105
BRDA:76,26,0,98
BRDA:80,27,0,116
BRDA:81,28,0,2
BRDA:82,29,0,115
BRDA:82,30,0,114
BRDA:85,31,0,1
BRDA:85,32,0,115
BRDA:85,33,0,1
BRDA:89,34,0,114
BRDA:89,35,0,1
BRDA:89,36,0,115
BRDA:89,37,0,1
BRDA:93,38,0,114
BRDA:94,39,0,0
BRDA:99,40,0,164
BRDA:100,41,0,50
BRDA:102,42,0,1
BRDA:102,43,0,0
BRDA:107,44,0,1
BRDA:107,45,0,0
BRDA:115,46,0,113
BRDA:117,47,0,1
BRDA:128,48,0,112
BRDA:128,49,0,34
BRDA:135,50,0,78
BRDA:138,51,0,271
BRDA:139,52,0,260
BRDA:139,53,0,161
BRDA:140,54,0,245
BRDA:140,55,0,110
BRDA:140,56,0,138
BRDA:144,57,0,110
BRDA:145,58,0,3
BRDA:145,59,0,267
BRDA:145,60,0,2
BRDA:149,61,0,110
BRDA:149,62,0,28
BRDA:153,63,0,0
BRDA:159,64,0,110
BRDA:160,65,0,5
BRDA:160,66,0,5
BRDA:166,67,0,114
BRDA:170,68,0,307
BRDA:174,69,0,116
BRDA:176,70,0,147
BRDA:189,71,0,3
BRDA:191,72,0,0
BRDA:195,73,0,307
BRDA:197,74,0,351
BRF:75
BRH:67
end_of_record
TN:
SF:src/graph/gedcom/layout/UnionRow.ts
FN:1,__name
FN:1,__export
FN:1,__copyProps
FN:1,get
FN:1,__toCommonJS
FN:1,UnionRow
FN:5,<static_initializer>
FN:10,UnionRow
FN:16,addUnion
FN:20,findCentralNode
FN:30,resolveOverlap
FN:48,placeOriginsAscending
FN:54,outdistanceAncestorColumns
FN:60,outdistanceDescendantColumns
FN:69,placeYouths
FN:77,toString
FNF:16
FNH:15
FNDA:14,__name
FNDA:14,__export
FNDA:14,__copyProps
FNDA:284,get
FNDA:14,__toCommonJS
FNDA:284,UnionRow
FNDA:14,<static_initializer>
FNDA:284,UnionRow
FNDA:312,addUnion
FNDA:284,findCentralNode
FNDA:280,resolveOverlap
FNDA:112,placeOriginsAscending
FNDA:112,outdistanceAncestorColumns
FNDA:244,outdistanceDescendantColumns
FNDA:244,placeYouths
FNDA:0,toString
DA:1,284
DA:2,1
DA:3,1
DA:4,1
DA:5,1
DA:6,14
DA:7,14
DA:8,14
DA:9,14
DA:10,14
DA:11,284
DA:12,284
DA:13,284
DA:14,284
DA:15,14
DA:16,14
DA:17,312
DA:18,312
DA:19,14
DA:20,14
DA:21,284
DA:22,284
DA:23,78
DA:24,284
DA:25,205
DA:26,205
DA:27,205
DA:28,284
DA:29,14
DA:30,14
DA:31,280
DA:32,280
DA:33,280
DA:34,62
DA:35,62
DA:36,62
DA:37,62
DA:38,62
DA:39,280
DA:40,280
DA:41,11
DA:42,11
DA:43,11
DA:44,11
DA:45,11
DA:46,280
DA:47,14
DA:48,14
DA:49,112
DA:50,113
DA:51,113
DA:52,112
DA:53,14
DA:54,14
DA:55,112
DA:56,113
DA:57,113
DA:58,112
DA:59,14
DA:60,14
DA:61,244
DA:62,271
DA:63,313
DA:64,313
DA:65,271
DA:66,271
DA:67,244
DA:68,14
DA:69,14
DA:70,244
DA:71,271
DA:72,313
DA:73,313
DA:74,271
DA:75,244
DA:76,14
DA:77,14
DA:78,0
DA:79,0
DA:80,0
DA:81,14
LF:81
LH:78
BRDA:81,0,0,0
BRDA:1,1,0,14
BRDA:1,2,0,14
BRDA:1,3,0,14
BRDA:1,4,0,0
BRDA:1,5,0,284
BRDA:1,6,0,14
BRDA:1,7,0,284
BRDA:5,8,0,14
BRDA:10,9,0,284
BRDA:16,10,0,312
BRDA:20,11,0,284
BRDA:21,12,0,1
BRDA:22,13,0,283
BRDA:22,14,0,78
BRDA:24,15,0,205
BRDA:30,16,0,280
BRDA:31,17,0,1
BRDA:32,18,0,279
BRDA:33,19,0,62
BRDA:34,20,0,54
BRDA:34,21,0,36
BRDA:34,22,0,26
BRDA:36,23,0,0
BRDA:39,24,0,279
BRDA:40,25,0,11
BRDA:41,26,0,10
BRDA:41,27,0,8
BRDA:41,28,0,3
BRDA:43,29,0,0
BRDA:48,30,0,112
BRDA:49,31,0,113
BRDA:54,32,0,112
BRDA:55,33,0,113
BRDA:60,34,0,244
BRDA:61,35,0,271
BRDA:62,36,0,313
BRDA:69,37,0,244
BRDA:70,38,0,271
BRDA:71,39,0,313
BRF:40
BRH:36
end_of_record
TN:
SF:src/graph/gedcom/lines/BackLine.ts
FN:1,__name
FN:1,__export
FN:1,__copyProps
FN:1,get
FN:1,__toCommonJS
FN:1,BackLine
FN:6,<static_initializer>
FN:14,BackLine
FN:24,update
FNF:9
FNH:9
FNDA:14,__name
FNDA:14,__export
FNDA:14,__copyProps
FNDA:29,get
FNDA:14,__toCommonJS
FNDA:29,BackLine
FNDA:14,<static_initializer>
FNDA:27,BackLine
FNDA:7,update
DA:1,1
DA:2,1
DA:3,1
DA:4,1
DA:5,1
DA:6,1
DA:7,14
DA:8,14
DA:9,14
DA:10,14
DA:11,14
DA:12,14
DA:13,14
DA:14,14
DA:15,27
DA:16,27
DA:17,27
DA:18,27
DA:19,27
DA:20,27
DA:21,27
DA:22,27
DA:23,14
DA:24,14
DA:25,7
DA:26,7
DA:27,0
DA:28,7
DA:29,7
DA:30,7
DA:31,7
DA:32,7
DA:33,0
DA:34,0
DA:35,0
DA:36,0
DA:37,0
DA:38,0
DA:39,0
DA:40,7
DA:41,7
DA:42,0
DA:43,7
DA:44,7
DA:45,0
DA:46,7
DA:47,7
DA:48,7
DA:49,7
DA:50,7
DA:51,14
LF:51
LH:41
BRDA:51,0,0,0
BRDA:1,1,0,14
BRDA:1,2,0,14
BRDA:1,3,0,14
BRDA:1,4,0,0
BRDA:1,5,0,29
BRDA:1,6,0,14
BRDA:1,7,0,29
BRDA:6,8,0,14
BRDA:14,9,0,27
BRDA:24,10,0,7
BRDA:25,11,0,0
BRDA:26,12,0,0
BRDA:29,13,0,0
BRDA:32,14,0,0
BRDA:41,15,0,0
BRDA:44,16,0,0
BRF:17
BRH:9
end_of_record
TN:
SF:src/graph/gedcom/lines/CurveLine.ts
FN:1,__name
FN:1,__export
FN:1,__copyProps
FN:1,get
FN:1,__toCommonJS
FN:1,CurveLine
FN:5,<static_initializer>
FN:9,CurveLine
FN:15,update
FNF:9
FNH:9
FNDA:14,__name
FNDA:14,__export
FNDA:14,__copyProps
FNDA:226,get
FNDA:14,__toCommonJS
FNDA:226,CurveLine
FNDA:14,<static_initializer>
FNDA:224,CurveLine
FNDA:62,update
DA:1,1
DA:2,1
DA:3,1
DA:4,1
DA:5,1
DA:6,14
DA:7,14
DA:8,14
DA:9,14
DA:10,224
DA:11,224
DA:12,224
DA:13,224
DA:14,14
DA:15,14
DA:16,62
DA:17,62
DA:18,62
DA:19,62
DA:20,62
DA:21,14
LF:21
LH:21
BRDA:21,0,0,0
BRDA:1,1,0,14
BRDA:1,2,0,14
BRDA:1,3,0,14
BRDA:1,4,0,0
BRDA:1,5,0,226
BRDA:1,6,0,14
BRDA:1,7,0,226
BRDA:5,8,0,14
BRDA:9,9,0,224
BRDA:15,10,0,62
BRF:11
BRH:9
end_of_record
TN:
SF:src/graph/gedcom/lines/DuplicateLine.ts
FN:1,__name
FN:1,__export
FN:1,__copyProps
FN:1,get
FN:1,__toCommonJS
FN:1,DuplicateLine
FN:5,<static_initializer>
FN:12,DuplicateLine
FN:19,update
FNF:9
FNH:9
FNDA:14,__name
FNDA:14,__export
FNDA:14,__copyProps
FNDA:39,get
FNDA:14,__toCommonJS
FNDA:39,DuplicateLine
FNDA:14,<static_initializer>
FNDA:39,DuplicateLine
FNDA:41,update
DA:1,1
DA:2,1
DA:3,1
DA:4,1
DA:5,1
DA:6,14
DA:7,14
DA:8,14
DA:9,14
DA:10,14
DA:11,14
DA:12,14
DA:13,39
DA:14,39
DA:15,39
DA:16,39
DA:17,39
DA:18,14
DA:19,14
DA:20,41
DA:21,41
DA:22,41
DA:23,5
DA:24,5
DA:25,41
DA:26,36
DA:27,36
DA:28,36
DA:29,41
DA:30,41
DA:31,41
DA:32,41
DA:33,41
DA:34,0
DA:35,0
DA:36,0
DA:37,0
DA:38,0
DA:39,0
DA:40,0
DA:41,0
DA:42,0
DA:43,0
DA:44,0
DA:45,0
DA:46,0
DA:47,0
DA:48,0
DA:49,0
DA:50,0
DA:51,0
DA:52,0
DA:53,0
DA:54,0
DA:55,0
DA:56,0
DA:57,0
DA:58,0
DA:59,0
DA:60,0
DA:61,41
DA:62,14
LF:62
LH:35
BRDA:62,0,0,0
BRDA:1,1,0,14
BRDA:1,2,0,14
BRDA:1,3,0,14
BRDA:1,4,0,0
BRDA:1,5,0,39
BRDA:1,6,0,14
BRDA:1,7,0,39
BRDA:5,8,0,14
BRDA:12,9,0,39
BRDA:19,10,0,41
BRDA:22,11,0,5
BRDA:25,12,0,36
BRDA:33,13,0,0
BRF:14
BRH:11
end_of_record
TN:
SF:src/graph/gedcom/lines/HorizontalLine.ts
FN:1,__name
FN:1,__export
FN:1,__copyProps
FN:1,get
FN:1,__toCommonJS
FN:1,HorizontalLine
FN:5,<static_initializer>
FN:10,HorizontalLine
FN:17,update
FNF:9
FNH:9
FNDA:14,__name
FNDA:14,__export
FNDA:14,__copyProps
FNDA:192,get
FNDA:14,__toCommonJS
FNDA:192,HorizontalLine
FNDA:14,<static_initializer>
FNDA:188,HorizontalLine
FNDA:51,update
DA:1,1
DA:2,1
DA:3,1
DA:4,1
DA:5,1
DA:6,14
DA:7,14
DA:8,14
DA:9,14
DA:10,14
DA:11,188
DA:12,188
DA:13,188
DA:14,188
DA:15,188
DA:16,14
DA:17,14
DA:18,51
DA:19,51
DA:20,51
DA:21,51
DA:22,51
DA:23,14
LF:23
LH:23
BRDA:23,0,0,0
BRDA:1,1,0,14
BRDA:1,2,0,14
BRDA:1,3,0,14
BRDA:1,4,0,0
BRDA:1,5,0,192
BRDA:1,6,0,14
BRDA:1,7,0,192
BRDA:5,8,0,14
BRDA:10,9,0,188
BRDA:17,10,0,51
BRDA:18,11,0,1
BRDA:18,12,0,50
BRDA:20,13,0,1
BRDA:20,14,0,50
BRF:15
BRH:13
end_of_record
TN:
SF:src/graph/gedcom/lines/NextLine.ts
FN:1,__name
FN:1,__export
FN:1,__copyProps
FN:1,get
FN:1,__toCommonJS
FN:1,NextLine
FN:7,<static_initializer>
FN:13,NextLine
FN:21,update
FNF:9
FNH:9
FNDA:14,__name
FNDA:14,__export
FNDA:14,__copyProps
FNDA:35,get
FNDA:14,__toCommonJS
FNDA:35,NextLine
FNDA:14,<static_initializer>
FNDA:27,NextLine
FNDA:7,update
DA:1,1
DA:2,1
DA:3,1
DA:4,1
DA:5,1
DA:6,1
DA:7,1
DA:8,14
DA:9,14
DA:10,14
DA:11,14
DA:12,14
DA:13,14
DA:14,27
DA:15,27
DA:16,27
DA:17,27
DA:18,27
DA:19,27
DA:20,14
DA:21,14
DA:22,7
DA:23,7
DA:24,7
DA:25,7
DA:26,0
DA:27,7
DA:28,7
DA:29,7
DA:30,7
DA:31,7
DA:32,7
DA:33,14
LF:33
LH:32
BRDA:33,0,0,0
BRDA:1,1,0,14
BRDA:1,2,0,14
BRDA:1,3,0,14
BRDA:1,4,0,0
BRDA:1,5,0,35
BRDA:1,6,0,14
BRDA:1,7,0,35
BRDA:7,8,0,14
BRDA:13,9,0,27
BRDA:21,10,0,7
BRDA:25,11,0,0
BRDA:28,12,0,0
BRF:13
BRH:9
end_of_record
TN:
SF:src/graph/gedcom/lines/VerticalLine.ts
FN:1,__name
FN:1,__export
FN:1,__copyProps
FN:1,get
FN:1,__toCommonJS
FN:1,VerticalLine
FN:5,<static_initializer>
FN:8,VerticalLine
FN:13,update
FNF:9
FNH:9
FNDA:14,__name
FNDA:14,__export
FNDA:14,__copyProps
FNDA:195,get
FNDA:14,__toCommonJS
FNDA:195,VerticalLine
FNDA:14,<static_initializer>
FNDA:191,VerticalLine
FNDA:51,update
DA:1,1
DA:2,1
DA:3,1
DA:4,1
DA:5,1
DA:6,14
DA:7,14
DA:8,14
DA:9,191
DA:10,191
DA:11,191
DA:12,14
DA:13,14
DA:14,51
DA:15,51
DA:16,51
DA:17,51
DA:18,51
DA:19,14
LF:19
LH:19
BRDA:19,0,0,0
BRDA:1,1,0,14
BRDA:1,2,0,14
BRDA:1,3,0,14
BRDA:1,4,0,0
BRDA:1,5,0,195
BRDA:1,6,0,14
BRDA:1,7,0,195
BRDA:5,8,0,14
BRDA:8,9,0,191
BRDA:13,10,0,51
BRF:11
BRH:9
end_of_record
TN:
SF:src/graph/gedcom/nodes/Bond.ts
FN:1,__name
FN:1,__export
FN:1,__copyProps
FN:1,get
FN:1,__toCommonJS
FN:1,Bond
FN:4,<static_initializer>
FN:9,Bond
FN:14,centerRelX
FN:15,centerRelY
FN:16,setX
FN:17,setY
FN:19,marriageYear
FN:25,toString
FNF:14
FNH:13
FNDA:14,__name
FNDA:14,__export
FNDA:14,__copyProps
FNDA:221,get
FNDA:14,__toCommonJS
FNDA:221,Bond
FNDA:14,<static_initializer>
FNDA:221,Bond
FNDA:117,centerRelX
FNDA:72,centerRelY
FNDA:804,setX
FNDA:0,setY
FNDA:6,marriageYear
FNDA:3,toString
DA:1,1
DA:2,1
DA:3,1
DA:4,1
DA:5,14
DA:6,14
DA:7,14
DA:8,14
DA:9,14
DA:10,221
DA:11,221
DA:12,221
DA:13,14
DA:14,14
DA:15,14
DA:16,14
DA:17,14
DA:18,14
DA:19,14
DA:20,6
DA:21,4
DA:22,6
DA:23,6
DA:24,14
DA:25,14
DA:26,3
DA:27,3
DA:28,3
DA:29,14
LF:29
LH:29
BRDA:29,0,0,0
BRDA:1,1,0,14
BRDA:1,2,0,14
BRDA:1,3,0,14
BRDA:1,4,0,0
BRDA:1,5,0,221
BRDA:1,6,0,14
BRDA:1,7,0,221
BRDA:4,8,0,14
BRDA:9,9,0,221
BRDA:14,10,0,117
BRDA:15,11,0,72
BRDA:16,12,0,804
BRDA:19,13,0,6
BRDA:20,14,0,4
BRDA:20,15,0,2
BRDA:22,16,0,0
BRDA:25,17,0,3
BRDA:27,18,0,1
BRF:19
BRH:16
end_of_record
TN:
SF:src/graph/gedcom/nodes/FamilyNode.ts
FN:1,__name
FN:1,__export
FN:1,__copyProps
FN:1,get
FN:1,__toCommonJS
FN:1,FamilyNode
FN:7,<static_initializer>
FN:13,FamilyNode
FN:21,getOrigin
FN:26,getOrigins
FN:35,isDuplicate
FN:39,getFamilyNode
FN:41,getPersonNodes
FN:43,getMainPersonNode
FN:47,getHusband
FN:51,getWife
FN:55,getPartner
FN:59,addPartner
FN:65,createBond
FN:75,hasChildren
FN:80,centerRelX
FN:89,centerRelY
FN:91,simpleCenterX
FN:98,setX
FN:121,setY
FN:129,getLeftWidth
FN:138,getBondWidth
FN:144,toString
FNF:28
FNH:26
FNDA:14,__name
FNDA:14,__export
FNDA:14,__copyProps
FNDA:2231,get
FNDA:14,__toCommonJS
FNDA:2231,FamilyNode
FNDA:14,<static_initializer>
FNDA:237,FamilyNode
FNDA:0,getOrigin
FNDA:393,getOrigins
FNDA:98,isDuplicate
FNDA:0,getFamilyNode
FNDA:2383,getPersonNodes
FNDA:499,getMainPersonNode
FNDA:114,getHusband
FNDA:114,getWife
FNDA:541,getPartner
FNDA:413,addPartner
FNDA:226,createBond
FNDA:229,hasChildren
FNDA:586,centerRelX
FNDA:1017,centerRelY
FNDA:62,simpleCenterX
FNDA:886,setX
FNDA:442,setY
FNDA:81,getLeftWidth
FNDA:1582,getBondWidth
FNDA:10,toString
DA:1,2231
DA:2,1
DA:3,1
DA:4,1
DA:5,1
DA:6,1
DA:7,1
DA:8,14
DA:9,14
DA:10,14
DA:11,14
DA:12,14
DA:13,14
DA:14,237
DA:15,237
DA:16,237
DA:17,237
DA:18,237
DA:19,237
DA:20,14
DA:21,14
DA:22,0
DA:23,0
DA:24,0
DA:25,14
DA:26,14
DA:27,393
DA:28,393
DA:29,753
DA:30,753
DA:31,753
DA:32,393
DA:33,393
DA:34,14
DA:35,14
DA:36,98
DA:37,98
DA:38,14
DA:39,14
DA:40,14
DA:41,14
DA:42,14
DA:43,14
DA:44,499
DA:45,499
DA:46,14
DA:47,14
DA:48,114
DA:49,114
DA:50,14
DA:51,14
DA:52,114
DA:53,114
DA:54,14
DA:55,14
DA:56,541
DA:57,541
DA:58,14
DA:59,14
DA:60,413
DA:61,413
DA:62,413
DA:63,413
DA:64,14
DA:65,14
DA:66,226
DA:67,226
DA:68,226
DA:69,203
DA:70,2
DA:71,2
DA:72,203
DA:73,226
DA:74,14
DA:75,14
DA:76,229
DA:77,229
DA:78,229
DA:79,14
DA:80,14
DA:81,586
DA:82,586
DA:83,581
DA:84,581
DA:85,30
DA:86,30
DA:87,586
DA:88,14
DA:89,14
DA:90,14
DA:91,14
DA:92,62
DA:93,54
DA:94,54
DA:95,61
DA:96,62
DA:97,14
DA:98,14
DA:99,886
DA:100,886
DA:101,886
DA:102,3
DA:103,886
DA:104,50
DA:105,50
DA:106,883
DA:107,833
DA:108,1545
DA:109,1545
DA:110,1545
DA:111,833
DA:112,833
DA:113,801
DA:114,801
DA:115,801
DA:116,833
DA:117,1545
DA:118,833
DA:119,886
DA:120,14
DA:121,14
DA:122,442
DA:123,442
DA:124,810
DA:125,810
DA:126,442
DA:127,442
DA:128,14
DA:129,14
DA:130,81
DA:131,14
DA:132,81
DA:133,67
DA:134,67
DA:135,80
DA:136,81
DA:137,14
DA:138,14
DA:139,1582
DA:140,1582
DA:141,1582
DA:142,1582
DA:143,14
DA:144,14
DA:145,10
DA:146,10
DA:147,10
DA:148,14
LF:148
LH:145
BRDA:148,0,0,0
BRDA:1,1,0,14
BRDA:1,2,0,14
BRDA:1,3,0,14
BRDA:1,4,0,0
BRDA:1,5,0,2231
BRDA:1,6,0,14
BRDA:1,7,0,2231
BRDA:7,8,0,14
BRDA:13,9,0,237
BRDA:26,10,0,393
BRDA:28,11,0,753
BRDA:29,12,0,272
BRDA:29,13,0,131
BRDA:29,14,0,123
BRDA:30,15,0,123
BRDA:35,16,0,98
BRDA:36,17,0,169
BRDA:41,18,0,2383
BRDA:43,19,0,499
BRDA:44,20,0,49
BRDA:44,21,0,561
BRDA:47,22,0,114
BRDA:48,23,0,0
BRDA:51,24,0,114
BRDA:52,25,0,0
BRDA:55,26,0,541
BRDA:56,27,0,7
BRDA:59,28,0,413
BRDA:65,29,0,226
BRDA:66,30,0,37
BRDA:66,31,0,10
BRDA:67,32,0,223
BRDA:67,33,0,216
BRDA:68,34,0,204
BRDA:68,35,0,203
BRDA:69,36,0,2
BRDA:75,37,0,229
BRDA:76,38,0,14
BRDA:77,39,0,215
BRDA:80,40,0,586
BRDA:81,41,0,584
BRDA:82,42,0,5
BRDA:82,43,0,581
BRDA:83,44,0,65
BRDA:84,45,0,551
BRDA:84,46,0,30
BRDA:89,47,0,1017
BRDA:91,48,0,62
BRDA:92,49,0,61
BRDA:92,50,0,54
BRDA:95,51,0,8
BRDA:98,52,0,886
BRDA:101,53,0,3
BRDA:103,54,0,883
BRDA:103,55,0,50
BRDA:106,56,0,833
BRDA:107,57,0,1545
BRDA:110,58,0,833
BRDA:112,59,0,801
BRDA:121,60,0,442
BRDA:123,61,0,810
BRDA:126,62,0,422
BRDA:129,63,0,81
BRDA:130,64,0,80
BRDA:130,65,0,14
BRDA:130,66,0,14
BRDA:132,67,0,80
BRDA:132,68,0,67
BRDA:135,69,0,0
BRDA:138,70,0,1582
BRDA:140,71,0,54
BRDA:140,72,0,1528
BRDA:140,73,0,6
BRDA:140,74,0,1522
BRDA:141,75,0,0
BRDA:144,76,0,10
BRDA:145,77,0,20
BRF:78
BRH:72
end_of_record
TN:
SF:src/graph/gedcom/nodes/PersonNode.ts
FN:1,__name
FN:1,__export
FN:1,__copyProps
FN:1,get
FN:1,__toCommonJS
FN:1,PersonNode
FN:6,<static_initializer>
FN:18,PersonNode
FN:36,getOrigin
FN:38,getOrigins
FN:42,isDuplicate
FN:44,getFamilyNode
FN:46,getPersonNodes
FN:48,getMainPersonNode
FN:52,getHusband
FN:56,getWife
FN:60,getPartner
FN:66,countAncestors
FN:81,countDescendants
FN:92,isDead
FN:99,isFulcrumNode
FN:101,centerRelX
FN:102,centerRelY
FN:103,simpleCenterX
FN:105,setX
FN:110,setY
FN:112,getLeftWidth
FN:114,toString
FNF:28
FNH:24
FNDA:14,__name
FNDA:14,__export
FNDA:14,__copyProps
FNDA:589,get
FNDA:14,__toCommonJS
FNDA:589,PersonNode
FNDA:14,<static_initializer>
FNDA:589,PersonNode
FNDA:1004,getOrigin
FNDA:2,getOrigins
FNDA:148,isDuplicate
FNDA:241,getFamilyNode
FNDA:956,getPersonNodes
FNDA:304,getMainPersonNode
FNDA:0,getHusband
FNDA:0,getWife
FNDA:0,getPartner
FNDA:46,countAncestors
FNDA:15,countDescendants
FNDA:552,isDead
FNDA:474,isFulcrumNode
FNDA:1661,centerRelX
FNDA:1064,centerRelY
FNDA:0,simpleCenterX
FNDA:457,setX
FNDA:1124,setY
FNDA:201,getLeftWidth
FNDA:26,toString
DA:1,589
DA:2,1
DA:3,1
DA:4,1
DA:5,1
DA:6,1
DA:7,14
DA:8,14
DA:9,14
DA:10,14
DA:11,14
DA:12,14
DA:13,14
DA:14,14
DA:15,14
DA:16,14
DA:17,14
DA:18,14
DA:19,589
DA:20,589
DA:21,589
DA:22,589
DA:23,589
DA:24,552
DA:25,589
DA:26,25
DA:27,25
DA:28,25
DA:29,35
DA:30,12
DA:31,12
DA:32,12
DA:33,12
DA:34,589
DA:35,14
DA:36,14
DA:37,14
DA:38,14
DA:39,2
DA:40,2
DA:41,14
DA:42,14
DA:43,14
DA:44,14
DA:45,14
DA:46,14
DA:47,14
DA:48,14
DA:49,304
DA:50,304
DA:51,14
DA:52,14
DA:53,0
DA:54,0
DA:55,14
DA:56,14
DA:57,0
DA:58,0
DA:59,14
DA:60,14
DA:61,0
DA:62,0
DA:63,0
DA:64,0
DA:65,14
DA:66,14
DA:67,46
DA:68,46
DA:69,11
DA:70,11
DA:71,11
DA:72,11
DA:73,11
DA:74,10
DA:75,10
DA:76,10
DA:77,11
DA:78,46
DA:79,46
DA:80,14
DA:81,14
DA:82,15
DA:83,15
DA:84,4
DA:85,3
DA:86,3
DA:87,3
DA:88,4
DA:89,15
DA:90,15
DA:91,14
DA:92,14
DA:93,552
DA:94,15
DA:95,15
DA:96,552
DA:97,552
DA:98,14
DA:99,14
DA:100,14
DA:101,14
DA:102,14
DA:103,14
DA:104,14
DA:105,14
DA:106,457
DA:107,457
DA:108,457
DA:109,14
DA:110,14
DA:111,14
DA:112,14
DA:113,14
DA:114,14
DA:115,26
DA:116,0
DA:117,0
DA:118,26
DA:119,26
DA:120,26
DA:121,26
DA:122,14
LF:122
LH:112
BRDA:122,0,0,0
BRDA:1,1,0,14
BRDA:1,2,0,14
BRDA:1,3,0,14
BRDA:1,4,0,0
BRDA:1,5,0,589
BRDA:1,6,0,14
BRDA:1,7,0,589
BRDA:6,8,0,14
BRDA:18,9,0,589
BRDA:23,10,0,453
BRDA:23,11,0,552
BRDA:24,12,0,8
BRDA:25,13,0,37
BRDA:25,14,0,35
BRDA:25,15,0,25
BRDA:29,16,0,12
BRDA:36,17,0,1004
BRDA:38,18,0,2
BRDA:39,19,0,1
BRDA:42,20,0,148
BRDA:44,21,0,241
BRDA:44,22,0,7
BRDA:46,23,0,956
BRDA:48,24,0,304
BRDA:49,25,0,1
BRDA:49,26,0,303
BRDA:66,27,0,46
BRDA:68,28,0,11
BRDA:73,29,0,10
BRDA:81,30,0,15
BRDA:83,31,0,4
BRDA:84,32,0,3
BRDA:92,33,0,552
BRDA:93,34,0,15
BRDA:94,35,0,10
BRDA:94,36,0,8
BRDA:96,37,0,544
BRDA:99,38,0,474
BRDA:101,39,0,1661
BRDA:102,40,0,1064
BRDA:105,41,0,457
BRDA:110,42,0,1124
BRDA:112,43,0,201
BRDA:114,44,0,26
BRDA:115,45,0,0
BRDA:119,46,0,0
BRF:47
BRH:43
end_of_record
TN:
SF:src/vendor/gedcom-parser/index.js
FNF:0
FNH:0
DA:1,2
DA:2,2
DA:3,2
DA:4,2
DA:5,2
DA:6,2
DA:7,2
DA:8,2
DA:9,2
LF:9
LH:9
BRDA:1,0,0,2
BRF:1
BRH:1
end_of_record
TN:
SF:src/vendor/gedcom-parser/src/parser.js
FN:10,tokenize
FN:30,parse
FNF:2
FNH:2
FNDA:4,tokenize
FNDA:4,parse
DA:1,2
DA:2,2
DA:3,2
DA:4,2
DA:5,2
DA:6,2
DA:7,2
DA:8,2
DA:9,2
DA:10,4
DA:11,4
DA:12,4
DA:13,4
DA:14,4
DA:15,244
DA:16,122
DA:17,122
DA:18,244
DA:19,44
DA:20,44
DA:21,44
DA:22,244
DA:23,4
DA:24,4
DA:25,2
DA:26,2
DA:27,2
DA:28,2
DA:29,2
DA:30,4
DA:31,4
DA:32,4
DA:33,4
DA:34,4
DA:35,4
DA:36,4
DA:37,44
DA:38,44
DA:39,44
DA:40,44
DA:41,44
DA:42,44
DA:43,34
DA:44,34
DA:45,44
DA:46,44
DA:47,44
DA:48,44
DA:49,4
DA:50,4
DA:51,44
DA:52,18
DA:53,44
DA:54,26
DA:55,26
DA:56,26
DA:57,26
DA:58,26
DA:59,26
DA:60,26
DA:61,44
DA:62,4
DA:63,4
DA:64,4
DA:65,2
DA:66,2
LF:66
LH:66
BRDA:1,0,0,2
BRDA:10,1,0,4
BRDA:14,2,0,244
BRDA:15,3,0,166
BRDA:15,4,0,122
BRDA:18,5,0,200
BRDA:18,6,0,44
BRDA:30,7,0,4
BRDA:36,8,0,44
BRDA:42,9,0,34
BRDA:50,10,0,44
BRDA:51,11,0,18
BRDA:53,12,0,26
BRDA:56,13,0,47
BRF:14
BRH:14
end_of_record
TN:
SF:src/vendor/gedcom-parser/src/record.js
FN:11,Record
FN:21,appendChild
FN:30,get name
FN:37,get value
FN:41,set value
FN:49,get records
FN:57,get parentRecord
FNF:7
FNH:6
FNDA:44,Record
FNDA:26,appendChild
FNDA:69,get name
FNDA:75,get value
FNDA:34,set value
FNDA:12,get records
FNDA:0,get parentRecord
DA:1,2
DA:2,2
DA:3,2
DA:4,2
DA:5,2
DA:6,2
DA:7,2
DA:8,2
DA:9,2
DA:10,2
DA:11,2
DA:12,44
DA:13,44
DA:14,44
DA:15,44
DA:16,44
DA:17,2
DA:18,2
DA:19,2
DA:20,2
DA:21,2
DA:22,26
DA:23,26
DA:24,26
DA:25,2
DA:26,2
DA:27,2
DA:28,2
DA:29,2
DA:30,2
DA:31,69
DA:32,69
DA:33,2
DA:34,2
DA:35,2
DA:36,2
DA:37,2
DA:38,75
DA:39,75
DA:40,2
DA:41,2
DA:42,34
DA:43,34
DA:44,2
DA:45,2
DA:46,2
DA:47,2
DA:48,2
DA:49,2
DA:50,12
DA:51,12
DA:52,2
DA:53,2
DA:54,2
DA:55,2
DA:56,2
DA:57,2
DA:58,0
DA:59,0
DA:60,2
DA:61,2
DA:62,2
DA:63,2
LF:63
LH:61
BRDA:1,0,0,2
BRDA:11,1,0,44
BRDA:21,2,0,26
BRDA:30,3,0,69
BRDA:37,4,0,75
BRDA:41,5,0,34
BRDA:49,6,0,12
BRF:7
BRH:7
end_of_record
TN:
SF:src/vendor/gedcom-parser/src/token.js
FN:7,<static_initializer>
FN:45,Token
FN:55,get name
FN:63,get buffer
FN:71,get index
FNF:5
FNH:4
FNDA:2,<static_initializer>
FNDA:244,Token
FNDA:954,get name
FNDA:122,get buffer
FNDA:0,get index
DA:1,2
DA:2,2
DA:3,2
DA:4,2
DA:5,2
DA:6,2
DA:7,2
DA:8,2
DA:9,2
DA:10,2
DA:11,2
DA:12,2
DA:13,2
DA:14,2
DA:15,2
DA:16,2
DA:17,2
DA:18,2
DA:19,2
DA:20,2
DA:21,2
DA:22,2
DA:23,2
DA:24,2
DA:25,2
DA:26,2
DA:27,2
DA:28,2
DA:29,2
DA:30,2
DA:31,2
DA:32,2
DA:33,2
DA:34,2
DA:35,2
DA:36,2
DA:37,2
DA:38,2
DA:39,2
DA:40,2
DA:41,2
DA:42,2
DA:43,2
DA:44,2
DA:45,2
DA:46,244
DA:47,244
DA:48,244
DA:49,244
DA:50,2
DA:51,2
DA:52,2
DA:53,2
DA:54,2
DA:55,2
DA:56,954
DA:57,954
DA:58,2
DA:59,2
DA:60,2
DA:61,2
DA:62,2
DA:63,2
DA:64,122
DA:65,122
DA:66,2
DA:67,2
DA:68,2
DA:69,2
DA:70,2
DA:71,2
DA:72,0
DA:73,0
DA:74,2
DA:75,2
DA:76,2
DA:77,2
LF:77
LH:75
BRDA:1,0,0,2
BRDA:7,1,0,2
BRDA:45,2,0,244
BRDA:55,3,0,954
BRDA:63,4,0,122
BRF:5
BRH:5
end_of_record
TN:
SF:src/vendor/gedcom-parser/src/tokenizer.js
FN:23,tokenize
FNF:1
FNH:1
FNDA:4,tokenize
DA:1,2
DA:2,2
DA:3,2
DA:4,2
DA:5,2
DA:6,2
DA:7,2
DA:8,2
DA:9,2
DA:10,2
DA:11,2
DA:12,2
DA:13,2
DA:14,2
DA:15,2
DA:16,2
DA:17,2
DA:18,2
DA:19,2
DA:20,2
DA:21,2
DA:22,2
DA:23,4
DA:24,4
DA:25,4
DA:26,4
DA:27,4
DA:28,4
DA:29,4
DA:30,4
DA:31,4
DA:32,4
DA:33,513
DA:34,513
DA:35,513
DA:36,513
DA:37,509
DA:38,509
DA:39,513
DA:40,513
DA:41,513
DA:42,509
DA:43,509
DA:44,513
DA:45,513
DA:46,513
DA:47,469
DA:48,469
DA:49,513
DA:50,4
DA:51,513
DA:52,78
DA:53,509
DA:54,44
DA:55,431
DA:56,387
DA:57,0
DA:58,387
DA:59,78
DA:60,78
DA:61,381
DA:62,78
DA:63,78
DA:64,303
DA:65,303
DA:66,78
DA:67,22
DA:68,78
DA:69,12
DA:70,56
DA:71,44
DA:72,44
DA:73,387
DA:74,192
DA:75,0
DA:76,0
DA:77,309
DA:78,40
DA:79,40
DA:80,387
DA:81,513
DA:82,513
DA:83,44
DA:84,44
DA:85,469
DA:86,44
DA:87,44
DA:88,469
DA:89,336
DA:90,336
DA:91,469
DA:92,44
DA:93,44
DA:94,44
DA:95,0
DA:96,0
DA:97,513
DA:98,78
DA:99,78
DA:100,78
DA:101,0
DA:102,0
DA:103,469
DA:104,44
DA:105,44
DA:106,44
DA:107,0
DA:108,0
DA:109,391
DA:110,22
DA:111,22
DA:112,22
DA:113,0
DA:114,0
DA:115,347
DA:116,12
DA:117,12
DA:118,12
DA:119,0
DA:120,0
DA:121,325
DA:122,44
DA:123,44
DA:124,44
DA:125,0
DA:126,0
DA:127,44
DA:128,513
DA:129,513
DA:130,244
DA:131,244
DA:132,244
DA:133,244
DA:134,244
DA:135,513
DA:136,513
DA:137,44
DA:138,44
DA:139,44
DA:140,513
DA:141,513
DA:142,4
DA:143,4
DA:144,4
DA:145,2
DA:146,2
LF:146
LH:131
BRDA:1,0,0,2
BRDA:23,1,0,4
BRDA:32,2,0,513
BRDA:36,3,0,509
BRDA:41,4,0,509
BRDA:46,5,0,469
BRDA:49,6,0,4
BRDA:51,7,0,509
BRDA:51,8,0,89
BRDA:51,9,0,78
BRDA:51,10,0,0
BRDA:51,11,0,78
BRDA:53,12,0,431
BRDA:53,13,0,44
BRDA:55,14,0,387
BRDA:56,15,0,78
BRDA:56,16,0,0
BRDA:58,17,0,78
BRDA:60,18,0,381
BRDA:61,19,0,338
BRDA:61,20,0,78
BRDA:64,21,0,303
BRDA:66,22,0,22
BRDA:66,23,0,22
BRDA:68,24,0,56
BRDA:68,25,0,12
BRDA:70,26,0,44
BRDA:73,27,0,309
BRDA:73,28,0,183
BRDA:73,29,0,192
BRDA:74,30,0,0
BRDA:77,31,0,117
BRDA:77,32,0,40
BRDA:82,33,0,509
BRDA:82,34,0,44
BRDA:82,35,0,44
BRDA:82,36,0,44
BRDA:84,37,0,469
BRDA:85,38,0,44
BRDA:88,39,0,425
BRDA:88,40,0,336
BRDA:94,41,0,0
BRDA:97,42,0,469
BRDA:97,43,0,78
BRDA:97,44,0,78
BRDA:100,45,0,0
BRDA:103,46,0,391
BRDA:103,47,0,170
BRDA:103,48,0,44
BRDA:106,49,0,0
BRDA:109,50,0,347
BRDA:109,51,0,88
BRDA:109,52,0,22
BRDA:112,53,0,0
BRDA:115,54,0,325
BRDA:115,55,0,89
BRDA:115,56,0,77
BRDA:115,57,0,12
BRDA:118,58,0,0
BRDA:121,59,0,313
BRDA:121,60,0,44
BRDA:124,61,0,0
BRDA:129,62,0,244
BRDA:136,63,0,44
BRDA:56,64,0,78
BRDA:68,65,0,100
BRDA:92,66,0,44
BRF:67
BRH:58
end_of_record
